{"/Users/fer/Desktop/Uni/4 Curso/x TFG/app/backend/src/config/database.js": {"path":"/Users/fer/Desktop/Uni/4 Curso/x TFG/app/backend/src/config/database.js","statementMap":{"0":{"start":{"line":5,"column":17},"end":{"line":5,"column":19}},"1":{"start":{"line":8,"column":13},"end":{"line":8,"column":38}},"2":{"start":{"line":11,"column":0},"end":{"line":13,"column":3}},"3":{"start":{"line":12,"column":2},"end":{"line":12,"column":66}},"4":{"start":{"line":16,"column":30},"end":{"line":28,"column":1}},"5":{"start":{"line":17,"column":2},"end":{"line":27,"column":3}},"6":{"start":{"line":18,"column":19},"end":{"line":18,"column":39}},"7":{"start":{"line":19,"column":19},"end":{"line":19,"column":53}},"8":{"start":{"line":20,"column":4},"end":{"line":20,"column":21}},"9":{"start":{"line":21,"column":4},"end":{"line":21,"column":67}},"10":{"start":{"line":22,"column":4},"end":{"line":22,"column":65}},"11":{"start":{"line":23,"column":4},"end":{"line":23,"column":16}},"12":{"start":{"line":25,"column":4},"end":{"line":25,"column":69}},"13":{"start":{"line":26,"column":4},"end":{"line":26,"column":17}},"14":{"start":{"line":31,"column":21},"end":{"line":42,"column":1}},"15":{"start":{"line":32,"column":16},"end":{"line":32,"column":26}},"16":{"start":{"line":33,"column":2},"end":{"line":41,"column":3}},"17":{"start":{"line":34,"column":19},"end":{"line":34,"column":49}},"18":{"start":{"line":35,"column":21},"end":{"line":35,"column":39}},"19":{"start":{"line":36,"column":4},"end":{"line":36,"column":79}},"20":{"start":{"line":37,"column":4},"end":{"line":37,"column":18}},"21":{"start":{"line":39,"column":4},"end":{"line":39,"column":68}},"22":{"start":{"line":40,"column":4},"end":{"line":40,"column":16}},"23":{"start":{"line":45,"column":25},"end":{"line":63,"column":1}},"24":{"start":{"line":46,"column":17},"end":{"line":46,"column":37}},"25":{"start":{"line":47,"column":16},"end":{"line":47,"column":41}},"26":{"start":{"line":48,"column":18},"end":{"line":48,"column":45}},"27":{"start":{"line":51,"column":18},"end":{"line":53,"column":10}},"28":{"start":{"line":52,"column":4},"end":{"line":52,"column":79}},"29":{"start":{"line":56,"column":2},"end":{"line":60,"column":4}},"30":{"start":{"line":57,"column":4},"end":{"line":57,"column":26}},"31":{"start":{"line":58,"column":4},"end":{"line":58,"column":29}},"32":{"start":{"line":59,"column":4},"end":{"line":59,"column":21}},"33":{"start":{"line":62,"column":2},"end":{"line":62,"column":16}},"34":{"start":{"line":66,"column":25},"end":{"line":69,"column":1}},"35":{"start":{"line":67,"column":2},"end":{"line":67,"column":19}},"36":{"start":{"line":68,"column":2},"end":{"line":68,"column":44}}},"fnMap":{"0":{"name":"(anonymous_0)","decl":{"start":{"line":11,"column":17},"end":{"line":11,"column":18}},"loc":{"start":{"line":11,"column":26},"end":{"line":13,"column":1}},"line":11},"1":{"name":"(anonymous_1)","decl":{"start":{"line":16,"column":30},"end":{"line":16,"column":31}},"loc":{"start":{"line":16,"column":42},"end":{"line":28,"column":1}},"line":16},"2":{"name":"(anonymous_2)","decl":{"start":{"line":31,"column":21},"end":{"line":31,"column":22}},"loc":{"start":{"line":31,"column":45},"end":{"line":42,"column":1}},"line":31},"3":{"name":"(anonymous_3)","decl":{"start":{"line":45,"column":25},"end":{"line":45,"column":26}},"loc":{"start":{"line":45,"column":37},"end":{"line":63,"column":1}},"line":45},"4":{"name":"(anonymous_4)","decl":{"start":{"line":51,"column":29},"end":{"line":51,"column":30}},"loc":{"start":{"line":51,"column":35},"end":{"line":53,"column":3}},"line":51},"5":{"name":"(anonymous_5)","decl":{"start":{"line":56,"column":19},"end":{"line":56,"column":20}},"loc":{"start":{"line":56,"column":25},"end":{"line":60,"column":3}},"line":56},"6":{"name":"(anonymous_6)","decl":{"start":{"line":66,"column":25},"end":{"line":66,"column":26}},"loc":{"start":{"line":66,"column":37},"end":{"line":69,"column":1}},"line":66}},"branchMap":{},"s":{"0":0,"1":0,"2":0,"3":0,"4":0,"5":0,"6":0,"7":0,"8":0,"9":0,"10":0,"11":0,"12":0,"13":0,"14":0,"15":0,"16":0,"17":0,"18":0,"19":0,"20":0,"21":0,"22":0,"23":0,"24":0,"25":0,"26":0,"27":0,"28":0,"29":0,"30":0,"31":0,"32":0,"33":0,"34":0,"35":0,"36":0},"f":{"0":0,"1":0,"2":0,"3":0,"4":0,"5":0,"6":0},"b":{},"inputSourceMap":null}
,"/Users/fer/Desktop/Uni/4 Curso/x TFG/app/backend/src/config/index.js": {"path":"/Users/fer/Desktop/Uni/4 Curso/x TFG/app/backend/src/config/index.js","statementMap":{"0":{"start":{"line":3,"column":0},"end":{"line":3,"column":16}},"1":{"start":{"line":5,"column":22},"end":{"line":54,"column":1}}},"fnMap":{},"branchMap":{"0":{"loc":{"start":{"line":8,"column":9},"end":{"line":8,"column":59}},"type":"binary-expr","locations":[{"start":{"line":8,"column":9},"end":{"line":8,"column":32}},{"start":{"line":8,"column":36},"end":{"line":8,"column":59}}],"line":8},"1":{"loc":{"start":{"line":9,"column":13},"end":{"line":9,"column":60}},"type":"binary-expr","locations":[{"start":{"line":9,"column":13},"end":{"line":9,"column":50}},{"start":{"line":9,"column":54},"end":{"line":9,"column":60}}],"line":9},"2":{"loc":{"start":{"line":14,"column":10},"end":{"line":14,"column":44}},"type":"binary-expr","locations":[{"start":{"line":14,"column":10},"end":{"line":14,"column":36}},{"start":{"line":14,"column":40},"end":{"line":14,"column":44}}],"line":14},"3":{"loc":{"start":{"line":15,"column":10},"end":{"line":15,"column":39}},"type":"binary-expr","locations":[{"start":{"line":15,"column":10},"end":{"line":15,"column":26}},{"start":{"line":15,"column":30},"end":{"line":15,"column":39}}],"line":15},"4":{"loc":{"start":{"line":16,"column":9},"end":{"line":16,"column":46}},"type":"binary-expr","locations":[{"start":{"line":16,"column":9},"end":{"line":16,"column":29}},{"start":{"line":16,"column":33},"end":{"line":16,"column":46}}],"line":16},"5":{"loc":{"start":{"line":21,"column":13},"end":{"line":21,"column":81}},"type":"binary-expr","locations":[{"start":{"line":21,"column":13},"end":{"line":21,"column":52}},{"start":{"line":21,"column":56},"end":{"line":21,"column":81}}],"line":21},"6":{"loc":{"start":{"line":26,"column":13},"end":{"line":26,"column":60}},"type":"binary-expr","locations":[{"start":{"line":26,"column":13},"end":{"line":26,"column":48}},{"start":{"line":26,"column":52},"end":{"line":26,"column":60}}],"line":26},"7":{"loc":{"start":{"line":32,"column":11},"end":{"line":32,"column":42}},"type":"binary-expr","locations":[{"start":{"line":32,"column":11},"end":{"line":32,"column":32}},{"start":{"line":32,"column":36},"end":{"line":32,"column":42}}],"line":32},"8":{"loc":{"start":{"line":37,"column":10},"end":{"line":37,"column":44}},"type":"binary-expr","locations":[{"start":{"line":37,"column":10},"end":{"line":37,"column":29}},{"start":{"line":37,"column":33},"end":{"line":37,"column":44}}],"line":37},"9":{"loc":{"start":{"line":38,"column":10},"end":{"line":38,"column":47}},"type":"binary-expr","locations":[{"start":{"line":38,"column":10},"end":{"line":38,"column":39}},{"start":{"line":38,"column":43},"end":{"line":38,"column":47}}],"line":38},"10":{"loc":{"start":{"line":39,"column":14},"end":{"line":39,"column":46}},"type":"binary-expr","locations":[{"start":{"line":39,"column":14},"end":{"line":39,"column":33}},{"start":{"line":39,"column":37},"end":{"line":39,"column":46}}],"line":39},"11":{"loc":{"start":{"line":40,"column":10},"end":{"line":40,"column":43}},"type":"binary-expr","locations":[{"start":{"line":40,"column":10},"end":{"line":40,"column":29}},{"start":{"line":40,"column":33},"end":{"line":40,"column":43}}],"line":40},"12":{"loc":{"start":{"line":41,"column":14},"end":{"line":41,"column":43}},"type":"binary-expr","locations":[{"start":{"line":41,"column":14},"end":{"line":41,"column":37}},{"start":{"line":41,"column":41},"end":{"line":41,"column":43}}],"line":41},"13":{"loc":{"start":{"line":42,"column":9},"end":{"line":42,"column":55}},"type":"binary-expr","locations":[{"start":{"line":42,"column":9},"end":{"line":42,"column":49}},{"start":{"line":42,"column":53},"end":{"line":42,"column":55}}],"line":42},"14":{"loc":{"start":{"line":43,"column":23},"end":{"line":43,"column":69}},"type":"binary-expr","locations":[{"start":{"line":43,"column":23},"end":{"line":43,"column":60}},{"start":{"line":43,"column":64},"end":{"line":43,"column":69}}],"line":43},"15":{"loc":{"start":{"line":44,"column":29},"end":{"line":44,"column":80}},"type":"binary-expr","locations":[{"start":{"line":44,"column":29},"end":{"line":44,"column":72}},{"start":{"line":44,"column":76},"end":{"line":44,"column":80}}],"line":44},"16":{"loc":{"start":{"line":49,"column":12},"end":{"line":49,"column":54}},"type":"binary-expr","locations":[{"start":{"line":49,"column":12},"end":{"line":49,"column":34}},{"start":{"line":49,"column":38},"end":{"line":49,"column":54}}],"line":49},"17":{"loc":{"start":{"line":50,"column":19},"end":{"line":50,"column":77}},"type":"binary-expr","locations":[{"start":{"line":50,"column":19},"end":{"line":50,"column":49}},{"start":{"line":50,"column":53},"end":{"line":50,"column":77}}],"line":50},"18":{"loc":{"start":{"line":51,"column":15},"end":{"line":51,"column":50}},"type":"binary-expr","locations":[{"start":{"line":51,"column":15},"end":{"line":51,"column":41}},{"start":{"line":51,"column":45},"end":{"line":51,"column":50}}],"line":51},"19":{"loc":{"start":{"line":52,"column":22},"end":{"line":52,"column":64}},"type":"binary-expr","locations":[{"start":{"line":52,"column":22},"end":{"line":52,"column":56}},{"start":{"line":52,"column":60},"end":{"line":52,"column":64}}],"line":52}},"s":{"0":2,"1":2},"f":{},"b":{"0":[2,0],"1":[2,0],"2":[2,0],"3":[2,0],"4":[2,0],"5":[2,0],"6":[2,0],"7":[2,0],"8":[2,0],"9":[2,0],"10":[2,0],"11":[2,0],"12":[2,0],"13":[2,0],"14":[2,0],"15":[2,0],"16":[2,0],"17":[2,0],"18":[2,0],"19":[2,0]},"inputSourceMap":null,"_coverageSchema":"1a1c01bbd47fc00a2c39e90264f33305004495a9","hash":"5a492d1e9aafa827f8f383e5eea8838495344127"}
,"/Users/fer/Desktop/Uni/4 Curso/x TFG/app/backend/src/controllers/auth.controller.js": {"path":"/Users/fer/Desktop/Uni/4 Curso/x TFG/app/backend/src/controllers/auth.controller.js","statementMap":{"0":{"start":{"line":13,"column":24},"end":{"line":66,"column":1}},"1":{"start":{"line":14,"column":2},"end":{"line":65,"column":3}},"2":{"start":{"line":15,"column":53},"end":{"line":15,"column":61}},"3":{"start":{"line":18,"column":26},"end":{"line":18,"column":59}},"4":{"start":{"line":19,"column":4},"end":{"line":23,"column":5}},"5":{"start":{"line":20,"column":6},"end":{"line":22,"column":9}},"6":{"start":{"line":26,"column":25},"end":{"line":26,"column":53}},"7":{"start":{"line":29,"column":20},"end":{"line":34,"column":6}},"8":{"start":{"line":37,"column":19},"end":{"line":37,"column":42}},"9":{"start":{"line":39,"column":4},"end":{"line":39,"column":71}},"10":{"start":{"line":41,"column":4},"end":{"line":51,"column":7}},"11":{"start":{"line":53,"column":4},"end":{"line":53,"column":55}},"12":{"start":{"line":55,"column":4},"end":{"line":59,"column":5}},"13":{"start":{"line":56,"column":6},"end":{"line":58,"column":9}},"14":{"start":{"line":61,"column":4},"end":{"line":64,"column":7}},"15":{"start":{"line":71,"column":21},"end":{"line":121,"column":1}},"16":{"start":{"line":72,"column":2},"end":{"line":120,"column":3}},"17":{"start":{"line":73,"column":32},"end":{"line":73,"column":40}},"18":{"start":{"line":76,"column":17},"end":{"line":76,"column":55}},"19":{"start":{"line":78,"column":4},"end":{"line":83,"column":5}},"20":{"start":{"line":79,"column":6},"end":{"line":82,"column":9}},"21":{"start":{"line":86,"column":28},"end":{"line":86,"column":79}},"22":{"start":{"line":88,"column":4},"end":{"line":93,"column":5}},"23":{"start":{"line":89,"column":6},"end":{"line":92,"column":9}},"24":{"start":{"line":96,"column":21},"end":{"line":96,"column":53}},"25":{"start":{"line":99,"column":19},"end":{"line":99,"column":43}},"26":{"start":{"line":101,"column":4},"end":{"line":101,"column":82}},"27":{"start":{"line":103,"column":4},"end":{"line":113,"column":7}},"28":{"start":{"line":115,"column":4},"end":{"line":115,"column":52}},"29":{"start":{"line":116,"column":4},"end":{"line":119,"column":7}},"30":{"start":{"line":126,"column":23},"end":{"line":172,"column":1}},"31":{"start":{"line":127,"column":2},"end":{"line":171,"column":3}},"32":{"start":{"line":128,"column":29},"end":{"line":128,"column":37}},"33":{"start":{"line":131,"column":20},"end":{"line":131,"column":52}},"34":{"start":{"line":134,"column":21},"end":{"line":134,"column":60}},"35":{"start":{"line":136,"column":4},"end":{"line":140,"column":5}},"36":{"start":{"line":137,"column":6},"end":{"line":139,"column":9}},"37":{"start":{"line":143,"column":19},"end":{"line":143,"column":43}},"38":{"start":{"line":145,"column":4},"end":{"line":145,"column":92}},"39":{"start":{"line":147,"column":4},"end":{"line":150,"column":7}},"40":{"start":{"line":152,"column":4},"end":{"line":152,"column":52}},"41":{"start":{"line":154,"column":4},"end":{"line":159,"column":5}},"42":{"start":{"line":155,"column":6},"end":{"line":158,"column":9}},"43":{"start":{"line":161,"column":4},"end":{"line":165,"column":5}},"44":{"start":{"line":162,"column":6},"end":{"line":164,"column":9}},"45":{"start":{"line":167,"column":4},"end":{"line":170,"column":7}},"46":{"start":{"line":177,"column":26},"end":{"line":204,"column":1}},"47":{"start":{"line":178,"column":2},"end":{"line":203,"column":3}},"48":{"start":{"line":179,"column":21},"end":{"line":179,"column":61}},"49":{"start":{"line":181,"column":4},"end":{"line":185,"column":5}},"50":{"start":{"line":182,"column":6},"end":{"line":184,"column":9}},"51":{"start":{"line":187,"column":4},"end":{"line":196,"column":7}},"52":{"start":{"line":198,"column":4},"end":{"line":198,"column":52}},"53":{"start":{"line":199,"column":4},"end":{"line":202,"column":7}},"54":{"start":{"line":209,"column":22},"end":{"line":223,"column":1}},"55":{"start":{"line":210,"column":2},"end":{"line":222,"column":3}},"56":{"start":{"line":211,"column":4},"end":{"line":211,"column":87}},"57":{"start":{"line":213,"column":4},"end":{"line":215,"column":7}},"58":{"start":{"line":217,"column":4},"end":{"line":217,"column":51}},"59":{"start":{"line":218,"column":4},"end":{"line":221,"column":7}}},"fnMap":{"0":{"name":"(anonymous_0)","decl":{"start":{"line":13,"column":24},"end":{"line":13,"column":25}},"loc":{"start":{"line":13,"column":44},"end":{"line":66,"column":1}},"line":13},"1":{"name":"(anonymous_1)","decl":{"start":{"line":71,"column":21},"end":{"line":71,"column":22}},"loc":{"start":{"line":71,"column":41},"end":{"line":121,"column":1}},"line":71},"2":{"name":"(anonymous_2)","decl":{"start":{"line":126,"column":23},"end":{"line":126,"column":24}},"loc":{"start":{"line":126,"column":43},"end":{"line":172,"column":1}},"line":126},"3":{"name":"(anonymous_3)","decl":{"start":{"line":177,"column":26},"end":{"line":177,"column":27}},"loc":{"start":{"line":177,"column":46},"end":{"line":204,"column":1}},"line":177},"4":{"name":"(anonymous_4)","decl":{"start":{"line":209,"column":22},"end":{"line":209,"column":23}},"loc":{"start":{"line":209,"column":42},"end":{"line":223,"column":1}},"line":209}},"branchMap":{"0":{"loc":{"start":{"line":19,"column":4},"end":{"line":23,"column":5}},"type":"if","locations":[{"start":{"line":19,"column":4},"end":{"line":23,"column":5}},{"start":{},"end":{}}],"line":19},"1":{"loc":{"start":{"line":33,"column":17},"end":{"line":33,"column":34}},"type":"binary-expr","locations":[{"start":{"line":33,"column":17},"end":{"line":33,"column":26}},{"start":{"line":33,"column":30},"end":{"line":33,"column":34}}],"line":33},"2":{"loc":{"start":{"line":55,"column":4},"end":{"line":59,"column":5}},"type":"if","locations":[{"start":{"line":55,"column":4},"end":{"line":59,"column":5}},{"start":{},"end":{}}],"line":55},"3":{"loc":{"start":{"line":78,"column":4},"end":{"line":83,"column":5}},"type":"if","locations":[{"start":{"line":78,"column":4},"end":{"line":83,"column":5}},{"start":{},"end":{}}],"line":78},"4":{"loc":{"start":{"line":88,"column":4},"end":{"line":93,"column":5}},"type":"if","locations":[{"start":{"line":88,"column":4},"end":{"line":93,"column":5}},{"start":{},"end":{}}],"line":88},"5":{"loc":{"start":{"line":136,"column":4},"end":{"line":140,"column":5}},"type":"if","locations":[{"start":{"line":136,"column":4},"end":{"line":140,"column":5}},{"start":{},"end":{}}],"line":136},"6":{"loc":{"start":{"line":154,"column":4},"end":{"line":159,"column":5}},"type":"if","locations":[{"start":{"line":154,"column":4},"end":{"line":159,"column":5}},{"start":{},"end":{}}],"line":154},"7":{"loc":{"start":{"line":161,"column":4},"end":{"line":165,"column":5}},"type":"if","locations":[{"start":{"line":161,"column":4},"end":{"line":165,"column":5}},{"start":{},"end":{}}],"line":161},"8":{"loc":{"start":{"line":181,"column":4},"end":{"line":185,"column":5}},"type":"if","locations":[{"start":{"line":181,"column":4},"end":{"line":185,"column":5}},{"start":{},"end":{}}],"line":181}},"s":{"0":0,"1":0,"2":0,"3":0,"4":0,"5":0,"6":0,"7":0,"8":0,"9":0,"10":0,"11":0,"12":0,"13":0,"14":0,"15":0,"16":0,"17":0,"18":0,"19":0,"20":0,"21":0,"22":0,"23":0,"24":0,"25":0,"26":0,"27":0,"28":0,"29":0,"30":0,"31":0,"32":0,"33":0,"34":0,"35":0,"36":0,"37":0,"38":0,"39":0,"40":0,"41":0,"42":0,"43":0,"44":0,"45":0,"46":0,"47":0,"48":0,"49":0,"50":0,"51":0,"52":0,"53":0,"54":0,"55":0,"56":0,"57":0,"58":0,"59":0},"f":{"0":0,"1":0,"2":0,"3":0,"4":0},"b":{"0":[0,0],"1":[0,0],"2":[0,0],"3":[0,0],"4":[0,0],"5":[0,0],"6":[0,0],"7":[0,0],"8":[0,0]},"inputSourceMap":null}
,"/Users/fer/Desktop/Uni/4 Curso/x TFG/app/backend/src/controllers/chats.controller.js": {"path":"/Users/fer/Desktop/Uni/4 Curso/x TFG/app/backend/src/controllers/chats.controller.js","statementMap":{"0":{"start":{"line":9,"column":28},"end":{"line":25,"column":1}},"1":{"start":{"line":10,"column":2},"end":{"line":24,"column":3}},"2":{"start":{"line":11,"column":19},"end":{"line":11,"column":34}},"3":{"start":{"line":12,"column":22},"end":{"line":12,"column":58}},"4":{"start":{"line":14,"column":4},"end":{"line":17,"column":7}},"5":{"start":{"line":19,"column":4},"end":{"line":19,"column":63}},"6":{"start":{"line":20,"column":4},"end":{"line":23,"column":7}},"7":{"start":{"line":31,"column":27},"end":{"line":69,"column":1}},"8":{"start":{"line":32,"column":2},"end":{"line":68,"column":3}},"9":{"start":{"line":33,"column":19},"end":{"line":33,"column":34}},"10":{"start":{"line":34,"column":19},"end":{"line":34,"column":42}},"11":{"start":{"line":37,"column":20},"end":{"line":37,"column":67}},"12":{"start":{"line":38,"column":4},"end":{"line":43,"column":5}},"13":{"start":{"line":39,"column":6},"end":{"line":42,"column":9}},"14":{"start":{"line":45,"column":17},"end":{"line":45,"column":48}},"15":{"start":{"line":46,"column":4},"end":{"line":51,"column":5}},"16":{"start":{"line":47,"column":6},"end":{"line":50,"column":9}},"17":{"start":{"line":54,"column":25},"end":{"line":54,"column":70}},"18":{"start":{"line":56,"column":4},"end":{"line":61,"column":7}},"19":{"start":{"line":63,"column":4},"end":{"line":63,"column":50}},"20":{"start":{"line":64,"column":4},"end":{"line":67,"column":7}},"21":{"start":{"line":75,"column":26},"end":{"line":95,"column":1}},"22":{"start":{"line":76,"column":2},"end":{"line":94,"column":3}},"23":{"start":{"line":77,"column":19},"end":{"line":77,"column":34}},"24":{"start":{"line":78,"column":22},"end":{"line":78,"column":30}},"25":{"start":{"line":80,"column":20},"end":{"line":80,"column":73}},"26":{"start":{"line":82,"column":4},"end":{"line":82,"column":71}},"27":{"start":{"line":84,"column":4},"end":{"line":87,"column":7}},"28":{"start":{"line":89,"column":4},"end":{"line":89,"column":48}},"29":{"start":{"line":90,"column":4},"end":{"line":93,"column":7}},"30":{"start":{"line":101,"column":26},"end":{"line":145,"column":1}},"31":{"start":{"line":102,"column":2},"end":{"line":144,"column":3}},"32":{"start":{"line":103,"column":19},"end":{"line":103,"column":34}},"33":{"start":{"line":104,"column":19},"end":{"line":104,"column":42}},"34":{"start":{"line":105,"column":22},"end":{"line":105,"column":30}},"35":{"start":{"line":107,"column":4},"end":{"line":112,"column":5}},"36":{"start":{"line":108,"column":6},"end":{"line":111,"column":9}},"37":{"start":{"line":115,"column":20},"end":{"line":115,"column":67}},"38":{"start":{"line":116,"column":4},"end":{"line":121,"column":5}},"39":{"start":{"line":117,"column":6},"end":{"line":120,"column":9}},"40":{"start":{"line":123,"column":24},"end":{"line":123,"column":73}},"41":{"start":{"line":125,"column":4},"end":{"line":130,"column":5}},"42":{"start":{"line":126,"column":6},"end":{"line":129,"column":9}},"43":{"start":{"line":132,"column":4},"end":{"line":132,"column":50}},"44":{"start":{"line":134,"column":4},"end":{"line":137,"column":7}},"45":{"start":{"line":139,"column":4},"end":{"line":139,"column":53}},"46":{"start":{"line":140,"column":4},"end":{"line":143,"column":7}},"47":{"start":{"line":151,"column":26},"end":{"line":187,"column":1}},"48":{"start":{"line":152,"column":2},"end":{"line":186,"column":3}},"49":{"start":{"line":153,"column":19},"end":{"line":153,"column":34}},"50":{"start":{"line":154,"column":19},"end":{"line":154,"column":42}},"51":{"start":{"line":157,"column":20},"end":{"line":157,"column":67}},"52":{"start":{"line":158,"column":4},"end":{"line":163,"column":5}},"53":{"start":{"line":159,"column":6},"end":{"line":162,"column":9}},"54":{"start":{"line":165,"column":24},"end":{"line":165,"column":54}},"55":{"start":{"line":167,"column":4},"end":{"line":172,"column":5}},"56":{"start":{"line":168,"column":6},"end":{"line":171,"column":9}},"57":{"start":{"line":174,"column":4},"end":{"line":174,"column":48}},"58":{"start":{"line":176,"column":4},"end":{"line":179,"column":7}},"59":{"start":{"line":181,"column":4},"end":{"line":181,"column":51}},"60":{"start":{"line":182,"column":4},"end":{"line":185,"column":7}},"61":{"start":{"line":193,"column":29},"end":{"line":237,"column":1}},"62":{"start":{"line":194,"column":2},"end":{"line":236,"column":3}},"63":{"start":{"line":195,"column":19},"end":{"line":195,"column":34}},"64":{"start":{"line":196,"column":19},"end":{"line":196,"column":42}},"65":{"start":{"line":197,"column":23},"end":{"line":197,"column":31}},"66":{"start":{"line":199,"column":4},"end":{"line":204,"column":5}},"67":{"start":{"line":200,"column":6},"end":{"line":203,"column":9}},"68":{"start":{"line":207,"column":20},"end":{"line":207,"column":67}},"69":{"start":{"line":208,"column":4},"end":{"line":213,"column":5}},"70":{"start":{"line":209,"column":6},"end":{"line":212,"column":9}},"71":{"start":{"line":215,"column":24},"end":{"line":215,"column":68}},"72":{"start":{"line":217,"column":4},"end":{"line":222,"column":5}},"73":{"start":{"line":218,"column":6},"end":{"line":221,"column":9}},"74":{"start":{"line":224,"column":4},"end":{"line":224,"column":73}},"75":{"start":{"line":226,"column":4},"end":{"line":229,"column":7}},"76":{"start":{"line":231,"column":4},"end":{"line":231,"column":57}},"77":{"start":{"line":232,"column":4},"end":{"line":235,"column":7}}},"fnMap":{"0":{"name":"(anonymous_0)","decl":{"start":{"line":9,"column":28},"end":{"line":9,"column":29}},"loc":{"start":{"line":9,"column":48},"end":{"line":25,"column":1}},"line":9},"1":{"name":"(anonymous_1)","decl":{"start":{"line":31,"column":27},"end":{"line":31,"column":28}},"loc":{"start":{"line":31,"column":47},"end":{"line":69,"column":1}},"line":31},"2":{"name":"(anonymous_2)","decl":{"start":{"line":75,"column":26},"end":{"line":75,"column":27}},"loc":{"start":{"line":75,"column":46},"end":{"line":95,"column":1}},"line":75},"3":{"name":"(anonymous_3)","decl":{"start":{"line":101,"column":26},"end":{"line":101,"column":27}},"loc":{"start":{"line":101,"column":46},"end":{"line":145,"column":1}},"line":101},"4":{"name":"(anonymous_4)","decl":{"start":{"line":151,"column":26},"end":{"line":151,"column":27}},"loc":{"start":{"line":151,"column":46},"end":{"line":187,"column":1}},"line":151},"5":{"name":"(anonymous_5)","decl":{"start":{"line":193,"column":29},"end":{"line":193,"column":30}},"loc":{"start":{"line":193,"column":49},"end":{"line":237,"column":1}},"line":193}},"branchMap":{"0":{"loc":{"start":{"line":38,"column":4},"end":{"line":43,"column":5}},"type":"if","locations":[{"start":{"line":38,"column":4},"end":{"line":43,"column":5}},{"start":{},"end":{}}],"line":38},"1":{"loc":{"start":{"line":46,"column":4},"end":{"line":51,"column":5}},"type":"if","locations":[{"start":{"line":46,"column":4},"end":{"line":51,"column":5}},{"start":{},"end":{}}],"line":46},"2":{"loc":{"start":{"line":80,"column":51},"end":{"line":80,"column":72}},"type":"binary-expr","locations":[{"start":{"line":80,"column":51},"end":{"line":80,"column":56}},{"start":{"line":80,"column":60},"end":{"line":80,"column":72}}],"line":80},"3":{"loc":{"start":{"line":107,"column":4},"end":{"line":112,"column":5}},"type":"if","locations":[{"start":{"line":107,"column":4},"end":{"line":112,"column":5}},{"start":{},"end":{}}],"line":107},"4":{"loc":{"start":{"line":107,"column":8},"end":{"line":107,"column":37}},"type":"binary-expr","locations":[{"start":{"line":107,"column":8},"end":{"line":107,"column":14}},{"start":{"line":107,"column":18},"end":{"line":107,"column":37}}],"line":107},"5":{"loc":{"start":{"line":116,"column":4},"end":{"line":121,"column":5}},"type":"if","locations":[{"start":{"line":116,"column":4},"end":{"line":121,"column":5}},{"start":{},"end":{}}],"line":116},"6":{"loc":{"start":{"line":125,"column":4},"end":{"line":130,"column":5}},"type":"if","locations":[{"start":{"line":125,"column":4},"end":{"line":130,"column":5}},{"start":{},"end":{}}],"line":125},"7":{"loc":{"start":{"line":158,"column":4},"end":{"line":163,"column":5}},"type":"if","locations":[{"start":{"line":158,"column":4},"end":{"line":163,"column":5}},{"start":{},"end":{}}],"line":158},"8":{"loc":{"start":{"line":167,"column":4},"end":{"line":172,"column":5}},"type":"if","locations":[{"start":{"line":167,"column":4},"end":{"line":172,"column":5}},{"start":{},"end":{}}],"line":167},"9":{"loc":{"start":{"line":199,"column":4},"end":{"line":204,"column":5}},"type":"if","locations":[{"start":{"line":199,"column":4},"end":{"line":204,"column":5}},{"start":{},"end":{}}],"line":199},"10":{"loc":{"start":{"line":208,"column":4},"end":{"line":213,"column":5}},"type":"if","locations":[{"start":{"line":208,"column":4},"end":{"line":213,"column":5}},{"start":{},"end":{}}],"line":208},"11":{"loc":{"start":{"line":217,"column":4},"end":{"line":222,"column":5}},"type":"if","locations":[{"start":{"line":217,"column":4},"end":{"line":222,"column":5}},{"start":{},"end":{}}],"line":217},"12":{"loc":{"start":{"line":224,"column":24},"end":{"line":224,"column":55}},"type":"cond-expr","locations":[{"start":{"line":224,"column":33},"end":{"line":224,"column":41}},{"start":{"line":224,"column":44},"end":{"line":224,"column":55}}],"line":224},"13":{"loc":{"start":{"line":227,"column":23},"end":{"line":227,"column":54}},"type":"cond-expr","locations":[{"start":{"line":227,"column":32},"end":{"line":227,"column":40}},{"start":{"line":227,"column":43},"end":{"line":227,"column":54}}],"line":227}},"s":{"0":0,"1":0,"2":0,"3":0,"4":0,"5":0,"6":0,"7":0,"8":0,"9":0,"10":0,"11":0,"12":0,"13":0,"14":0,"15":0,"16":0,"17":0,"18":0,"19":0,"20":0,"21":0,"22":0,"23":0,"24":0,"25":0,"26":0,"27":0,"28":0,"29":0,"30":0,"31":0,"32":0,"33":0,"34":0,"35":0,"36":0,"37":0,"38":0,"39":0,"40":0,"41":0,"42":0,"43":0,"44":0,"45":0,"46":0,"47":0,"48":0,"49":0,"50":0,"51":0,"52":0,"53":0,"54":0,"55":0,"56":0,"57":0,"58":0,"59":0,"60":0,"61":0,"62":0,"63":0,"64":0,"65":0,"66":0,"67":0,"68":0,"69":0,"70":0,"71":0,"72":0,"73":0,"74":0,"75":0,"76":0,"77":0},"f":{"0":0,"1":0,"2":0,"3":0,"4":0,"5":0},"b":{"0":[0,0],"1":[0,0],"2":[0,0],"3":[0,0],"4":[0,0],"5":[0,0],"6":[0,0],"7":[0,0],"8":[0,0],"9":[0,0],"10":[0,0],"11":[0,0],"12":[0,0],"13":[0,0]},"inputSourceMap":null}
,"/Users/fer/Desktop/Uni/4 Curso/x TFG/app/backend/src/controllers/generate.controller.js": {"path":"/Users/fer/Desktop/Uni/4 Curso/x TFG/app/backend/src/controllers/generate.controller.js","statementMap":{"0":{"start":{"line":14,"column":4},"end":{"line":69,"column":5}},"1":{"start":{"line":15,"column":32},"end":{"line":15,"column":40}},"2":{"start":{"line":16,"column":21},"end":{"line":16,"column":36}},"3":{"start":{"line":19,"column":6},"end":{"line":23,"column":7}},"4":{"start":{"line":20,"column":8},"end":{"line":22,"column":11}},"5":{"start":{"line":26,"column":6},"end":{"line":52,"column":7}},"6":{"start":{"line":28,"column":8},"end":{"line":32,"column":9}},"7":{"start":{"line":29,"column":10},"end":{"line":31,"column":13}},"8":{"start":{"line":35,"column":8},"end":{"line":49,"column":9}},"9":{"start":{"line":37,"column":10},"end":{"line":41,"column":11}},"10":{"start":{"line":38,"column":12},"end":{"line":40,"column":15}},"11":{"start":{"line":44,"column":10},"end":{"line":48,"column":11}},"12":{"start":{"line":45,"column":12},"end":{"line":47,"column":15}},"13":{"start":{"line":51,"column":8},"end":{"line":51,"column":63}},"14":{"start":{"line":55,"column":21},"end":{"line":59,"column":7}},"15":{"start":{"line":61,"column":6},"end":{"line":61,"column":23}},"16":{"start":{"line":63,"column":6},"end":{"line":63,"column":59}},"17":{"start":{"line":64,"column":6},"end":{"line":68,"column":9}},"18":{"start":{"line":77,"column":4},"end":{"line":167,"column":5}},"19":{"start":{"line":78,"column":52},"end":{"line":78,"column":60}},"20":{"start":{"line":79,"column":21},"end":{"line":79,"column":36}},"21":{"start":{"line":82,"column":6},"end":{"line":86,"column":7}},"22":{"start":{"line":83,"column":8},"end":{"line":85,"column":11}},"23":{"start":{"line":89,"column":27},"end":{"line":89,"column":29}},"24":{"start":{"line":90,"column":6},"end":{"line":96,"column":7}},"25":{"start":{"line":91,"column":8},"end":{"line":95,"column":9}},"26":{"start":{"line":92,"column":10},"end":{"line":92,"column":90}},"27":{"start":{"line":94,"column":10},"end":{"line":94,"column":53}},"28":{"start":{"line":99,"column":25},"end":{"line":99,"column":44}},"29":{"start":{"line":102,"column":6},"end":{"line":128,"column":7}},"30":{"start":{"line":104,"column":8},"end":{"line":108,"column":9}},"31":{"start":{"line":105,"column":10},"end":{"line":107,"column":13}},"32":{"start":{"line":111,"column":8},"end":{"line":125,"column":9}},"33":{"start":{"line":113,"column":10},"end":{"line":117,"column":11}},"34":{"start":{"line":114,"column":12},"end":{"line":116,"column":15}},"35":{"start":{"line":120,"column":10},"end":{"line":124,"column":11}},"36":{"start":{"line":121,"column":12},"end":{"line":123,"column":15}},"37":{"start":{"line":127,"column":8},"end":{"line":127,"column":71}},"38":{"start":{"line":131,"column":6},"end":{"line":131,"column":57}},"39":{"start":{"line":132,"column":6},"end":{"line":132,"column":49}},"40":{"start":{"line":133,"column":6},"end":{"line":133,"column":48}},"41":{"start":{"line":136,"column":21},"end":{"line":142,"column":7}},"42":{"start":{"line":145,"column":6},"end":{"line":145,"column":23}},"43":{"start":{"line":148,"column":6},"end":{"line":152,"column":9}},"44":{"start":{"line":149,"column":8},"end":{"line":149,"column":48}},"45":{"start":{"line":150,"column":8},"end":{"line":150,"column":56}},"46":{"start":{"line":151,"column":8},"end":{"line":151,"column":18}},"47":{"start":{"line":155,"column":6},"end":{"line":158,"column":9}},"48":{"start":{"line":156,"column":8},"end":{"line":156,"column":48}},"49":{"start":{"line":157,"column":8},"end":{"line":157,"column":25}},"50":{"start":{"line":161,"column":6},"end":{"line":161,"column":65}},"51":{"start":{"line":162,"column":6},"end":{"line":166,"column":9}},"52":{"start":{"line":171,"column":34},"end":{"line":171,"column":58}}},"fnMap":{"0":{"name":"(anonymous_0)","decl":{"start":{"line":13,"column":2},"end":{"line":13,"column":3}},"loc":{"start":{"line":13,"column":27},"end":{"line":70,"column":3}},"line":13},"1":{"name":"(anonymous_1)","decl":{"start":{"line":76,"column":2},"end":{"line":76,"column":3}},"loc":{"start":{"line":76,"column":33},"end":{"line":168,"column":3}},"line":76},"2":{"name":"(anonymous_2)","decl":{"start":{"line":148,"column":25},"end":{"line":148,"column":26}},"loc":{"start":{"line":148,"column":36},"end":{"line":152,"column":7}},"line":148},"3":{"name":"(anonymous_3)","decl":{"start":{"line":155,"column":22},"end":{"line":155,"column":23}},"loc":{"start":{"line":155,"column":28},"end":{"line":158,"column":7}},"line":155}},"branchMap":{"0":{"loc":{"start":{"line":16,"column":21},"end":{"line":16,"column":36}},"type":"binary-expr","locations":[{"start":{"line":16,"column":21},"end":{"line":16,"column":30}},{"start":{"line":16,"column":34},"end":{"line":16,"column":36}}],"line":16},"1":{"loc":{"start":{"line":19,"column":6},"end":{"line":23,"column":7}},"type":"if","locations":[{"start":{"line":19,"column":6},"end":{"line":23,"column":7}},{"start":{},"end":{}}],"line":19},"2":{"loc":{"start":{"line":19,"column":10},"end":{"line":19,"column":27}},"type":"binary-expr","locations":[{"start":{"line":19,"column":10},"end":{"line":19,"column":16}},{"start":{"line":19,"column":20},"end":{"line":19,"column":27}}],"line":19},"3":{"loc":{"start":{"line":26,"column":6},"end":{"line":52,"column":7}},"type":"if","locations":[{"start":{"line":26,"column":6},"end":{"line":52,"column":7}},{"start":{},"end":{}}],"line":26},"4":{"loc":{"start":{"line":28,"column":8},"end":{"line":32,"column":9}},"type":"if","locations":[{"start":{"line":28,"column":8},"end":{"line":32,"column":9}},{"start":{},"end":{}}],"line":28},"5":{"loc":{"start":{"line":37,"column":10},"end":{"line":41,"column":11}},"type":"if","locations":[{"start":{"line":37,"column":10},"end":{"line":41,"column":11}},{"start":{},"end":{}}],"line":37},"6":{"loc":{"start":{"line":44,"column":10},"end":{"line":48,"column":11}},"type":"if","locations":[{"start":{"line":44,"column":10},"end":{"line":48,"column":11}},{"start":{},"end":{}}],"line":44},"7":{"loc":{"start":{"line":64,"column":17},"end":{"line":64,"column":36}},"type":"binary-expr","locations":[{"start":{"line":64,"column":17},"end":{"line":64,"column":29}},{"start":{"line":64,"column":33},"end":{"line":64,"column":36}}],"line":64},"8":{"loc":{"start":{"line":65,"column":15},"end":{"line":65,"column":57}},"type":"binary-expr","locations":[{"start":{"line":65,"column":15},"end":{"line":65,"column":28}},{"start":{"line":65,"column":32},"end":{"line":65,"column":57}}],"line":65},"9":{"loc":{"start":{"line":79,"column":21},"end":{"line":79,"column":36}},"type":"binary-expr","locations":[{"start":{"line":79,"column":21},"end":{"line":79,"column":30}},{"start":{"line":79,"column":34},"end":{"line":79,"column":36}}],"line":79},"10":{"loc":{"start":{"line":82,"column":6},"end":{"line":86,"column":7}},"type":"if","locations":[{"start":{"line":82,"column":6},"end":{"line":86,"column":7}},{"start":{},"end":{}}],"line":82},"11":{"loc":{"start":{"line":82,"column":10},"end":{"line":82,"column":27}},"type":"binary-expr","locations":[{"start":{"line":82,"column":10},"end":{"line":82,"column":16}},{"start":{"line":82,"column":20},"end":{"line":82,"column":27}}],"line":82},"12":{"loc":{"start":{"line":90,"column":6},"end":{"line":96,"column":7}},"type":"if","locations":[{"start":{"line":90,"column":6},"end":{"line":96,"column":7}},{"start":{},"end":{}}],"line":90},"13":{"loc":{"start":{"line":92,"column":27},"end":{"line":92,"column":89}},"type":"cond-expr","locations":[{"start":{"line":92,"column":58},"end":{"line":92,"column":78}},{"start":{"line":92,"column":81},"end":{"line":92,"column":89}}],"line":92},"14":{"loc":{"start":{"line":102,"column":6},"end":{"line":128,"column":7}},"type":"if","locations":[{"start":{"line":102,"column":6},"end":{"line":128,"column":7}},{"start":{},"end":{}}],"line":102},"15":{"loc":{"start":{"line":104,"column":8},"end":{"line":108,"column":9}},"type":"if","locations":[{"start":{"line":104,"column":8},"end":{"line":108,"column":9}},{"start":{},"end":{}}],"line":104},"16":{"loc":{"start":{"line":113,"column":10},"end":{"line":117,"column":11}},"type":"if","locations":[{"start":{"line":113,"column":10},"end":{"line":117,"column":11}},{"start":{},"end":{}}],"line":113},"17":{"loc":{"start":{"line":120,"column":10},"end":{"line":124,"column":11}},"type":"if","locations":[{"start":{"line":120,"column":10},"end":{"line":124,"column":11}},{"start":{},"end":{}}],"line":120},"18":{"loc":{"start":{"line":162,"column":17},"end":{"line":162,"column":36}},"type":"binary-expr","locations":[{"start":{"line":162,"column":17},"end":{"line":162,"column":29}},{"start":{"line":162,"column":33},"end":{"line":162,"column":36}}],"line":162},"19":{"loc":{"start":{"line":163,"column":15},"end":{"line":163,"column":70}},"type":"binary-expr","locations":[{"start":{"line":163,"column":15},"end":{"line":163,"column":28}},{"start":{"line":163,"column":32},"end":{"line":163,"column":70}}],"line":163}},"s":{"0":0,"1":0,"2":0,"3":0,"4":0,"5":0,"6":0,"7":0,"8":0,"9":0,"10":0,"11":0,"12":0,"13":0,"14":0,"15":0,"16":0,"17":0,"18":0,"19":0,"20":0,"21":0,"22":0,"23":0,"24":0,"25":0,"26":0,"27":0,"28":0,"29":0,"30":0,"31":0,"32":0,"33":0,"34":0,"35":0,"36":0,"37":0,"38":0,"39":0,"40":0,"41":0,"42":0,"43":0,"44":0,"45":0,"46":0,"47":0,"48":0,"49":0,"50":0,"51":0,"52":0},"f":{"0":0,"1":0,"2":0,"3":0},"b":{"0":[0,0],"1":[0,0],"2":[0,0],"3":[0,0],"4":[0,0],"5":[0,0],"6":[0,0],"7":[0,0],"8":[0,0],"9":[0,0],"10":[0,0],"11":[0,0],"12":[0,0],"13":[0,0],"14":[0,0],"15":[0,0],"16":[0,0],"17":[0,0],"18":[0,0],"19":[0,0]},"inputSourceMap":null}
,"/Users/fer/Desktop/Uni/4 Curso/x TFG/app/backend/src/controllers/health.controller.js": {"path":"/Users/fer/Desktop/Uni/4 Curso/x TFG/app/backend/src/controllers/health.controller.js","statementMap":{"0":{"start":{"line":9,"column":27},"end":{"line":50,"column":1}},"1":{"start":{"line":10,"column":2},"end":{"line":49,"column":3}},"2":{"start":{"line":11,"column":19},"end":{"line":18,"column":5}},"3":{"start":{"line":21,"column":4},"end":{"line":28,"column":5}},"4":{"start":{"line":22,"column":6},"end":{"line":22,"column":29}},"5":{"start":{"line":23,"column":6},"end":{"line":23,"column":38}},"6":{"start":{"line":25,"column":6},"end":{"line":25,"column":41}},"7":{"start":{"line":26,"column":6},"end":{"line":26,"column":33}},"8":{"start":{"line":27,"column":6},"end":{"line":27,"column":59}},"9":{"start":{"line":31,"column":4},"end":{"line":38,"column":5}},"10":{"start":{"line":32,"column":6},"end":{"line":32,"column":73}},"11":{"start":{"line":33,"column":6},"end":{"line":33,"column":37}},"12":{"start":{"line":35,"column":6},"end":{"line":35,"column":40}},"13":{"start":{"line":36,"column":6},"end":{"line":36,"column":33}},"14":{"start":{"line":37,"column":6},"end":{"line":37,"column":58}},"15":{"start":{"line":40,"column":23},"end":{"line":40,"column":57}},"16":{"start":{"line":41,"column":4},"end":{"line":41,"column":40}},"17":{"start":{"line":43,"column":4},"end":{"line":43,"column":47}},"18":{"start":{"line":44,"column":4},"end":{"line":48,"column":7}}},"fnMap":{"0":{"name":"(anonymous_0)","decl":{"start":{"line":9,"column":27},"end":{"line":9,"column":28}},"loc":{"start":{"line":9,"column":47},"end":{"line":50,"column":1}},"line":9}},"branchMap":{"0":{"loc":{"start":{"line":40,"column":23},"end":{"line":40,"column":57}},"type":"cond-expr","locations":[{"start":{"line":40,"column":48},"end":{"line":40,"column":51}},{"start":{"line":40,"column":54},"end":{"line":40,"column":57}}],"line":40}},"s":{"0":0,"1":0,"2":0,"3":0,"4":0,"5":0,"6":0,"7":0,"8":0,"9":0,"10":0,"11":0,"12":0,"13":0,"14":0,"15":0,"16":0,"17":0,"18":0},"f":{"0":0},"b":{"0":[0,0]},"inputSourceMap":null}
,"/Users/fer/Desktop/Uni/4 Curso/x TFG/app/backend/src/controllers/messages.controller.js": {"path":"/Users/fer/Desktop/Uni/4 Curso/x TFG/app/backend/src/controllers/messages.controller.js","statementMap":{"0":{"start":{"line":10,"column":35},"end":{"line":48,"column":1}},"1":{"start":{"line":11,"column":2},"end":{"line":47,"column":3}},"2":{"start":{"line":12,"column":19},"end":{"line":12,"column":34}},"3":{"start":{"line":13,"column":19},"end":{"line":13,"column":46}},"4":{"start":{"line":16,"column":20},"end":{"line":16,"column":67}},"5":{"start":{"line":17,"column":4},"end":{"line":22,"column":5}},"6":{"start":{"line":18,"column":6},"end":{"line":21,"column":9}},"7":{"start":{"line":24,"column":25},"end":{"line":24,"column":67}},"8":{"start":{"line":27,"column":32},"end":{"line":35,"column":5}},"9":{"start":{"line":29,"column":23},"end":{"line":29,"column":75}},"10":{"start":{"line":30,"column":8},"end":{"line":33,"column":10}},"11":{"start":{"line":37,"column":4},"end":{"line":40,"column":7}},"12":{"start":{"line":42,"column":4},"end":{"line":42,"column":54}},"13":{"start":{"line":43,"column":4},"end":{"line":46,"column":7}},"14":{"start":{"line":54,"column":29},"end":{"line":125,"column":1}},"15":{"start":{"line":55,"column":2},"end":{"line":124,"column":3}},"16":{"start":{"line":56,"column":19},"end":{"line":56,"column":34}},"17":{"start":{"line":57,"column":19},"end":{"line":57,"column":46}},"18":{"start":{"line":58,"column":62},"end":{"line":58,"column":70}},"19":{"start":{"line":61,"column":4},"end":{"line":66,"column":5}},"20":{"start":{"line":62,"column":6},"end":{"line":65,"column":9}},"21":{"start":{"line":69,"column":4},"end":{"line":74,"column":5}},"22":{"start":{"line":70,"column":6},"end":{"line":73,"column":9}},"23":{"start":{"line":77,"column":20},"end":{"line":77,"column":67}},"24":{"start":{"line":78,"column":4},"end":{"line":83,"column":5}},"25":{"start":{"line":79,"column":6},"end":{"line":82,"column":9}},"26":{"start":{"line":86,"column":23},"end":{"line":92,"column":6}},"27":{"start":{"line":95,"column":4},"end":{"line":107,"column":5}},"28":{"start":{"line":96,"column":6},"end":{"line":106,"column":7}},"29":{"start":{"line":96,"column":19},"end":{"line":96,"column":20}},"30":{"start":{"line":97,"column":22},"end":{"line":97,"column":31}},"31":{"start":{"line":98,"column":8},"end":{"line":105,"column":11}},"32":{"start":{"line":110,"column":4},"end":{"line":110,"column":34}},"33":{"start":{"line":112,"column":4},"end":{"line":112,"column":109}},"34":{"start":{"line":114,"column":4},"end":{"line":117,"column":7}},"35":{"start":{"line":119,"column":4},"end":{"line":119,"column":51}},"36":{"start":{"line":120,"column":4},"end":{"line":123,"column":7}},"37":{"start":{"line":131,"column":30},"end":{"line":172,"column":1}},"38":{"start":{"line":132,"column":2},"end":{"line":171,"column":3}},"39":{"start":{"line":133,"column":19},"end":{"line":133,"column":34}},"40":{"start":{"line":134,"column":22},"end":{"line":134,"column":45}},"41":{"start":{"line":136,"column":20},"end":{"line":136,"column":60}},"42":{"start":{"line":138,"column":4},"end":{"line":143,"column":5}},"43":{"start":{"line":139,"column":6},"end":{"line":142,"column":9}},"44":{"start":{"line":146,"column":20},"end":{"line":146,"column":76}},"45":{"start":{"line":147,"column":4},"end":{"line":152,"column":5}},"46":{"start":{"line":148,"column":6},"end":{"line":151,"column":9}},"47":{"start":{"line":155,"column":19},"end":{"line":155,"column":70}},"48":{"start":{"line":156,"column":18},"end":{"line":156,"column":69}},"49":{"start":{"line":158,"column":4},"end":{"line":164,"column":7}},"50":{"start":{"line":166,"column":4},"end":{"line":166,"column":53}},"51":{"start":{"line":167,"column":4},"end":{"line":170,"column":7}},"52":{"start":{"line":178,"column":29},"end":{"line":216,"column":1}},"53":{"start":{"line":179,"column":2},"end":{"line":215,"column":3}},"54":{"start":{"line":180,"column":19},"end":{"line":180,"column":34}},"55":{"start":{"line":181,"column":22},"end":{"line":181,"column":45}},"56":{"start":{"line":183,"column":20},"end":{"line":183,"column":60}},"57":{"start":{"line":185,"column":4},"end":{"line":190,"column":5}},"58":{"start":{"line":186,"column":6},"end":{"line":189,"column":9}},"59":{"start":{"line":193,"column":20},"end":{"line":193,"column":76}},"60":{"start":{"line":194,"column":4},"end":{"line":199,"column":5}},"61":{"start":{"line":195,"column":6},"end":{"line":198,"column":9}},"62":{"start":{"line":201,"column":27},"end":{"line":201,"column":66}},"63":{"start":{"line":203,"column":4},"end":{"line":203,"column":54}},"64":{"start":{"line":205,"column":4},"end":{"line":208,"column":7}},"65":{"start":{"line":210,"column":4},"end":{"line":210,"column":54}},"66":{"start":{"line":211,"column":4},"end":{"line":214,"column":7}}},"fnMap":{"0":{"name":"(anonymous_0)","decl":{"start":{"line":10,"column":35},"end":{"line":10,"column":36}},"loc":{"start":{"line":10,"column":55},"end":{"line":48,"column":1}},"line":10},"1":{"name":"(anonymous_1)","decl":{"start":{"line":28,"column":23},"end":{"line":28,"column":24}},"loc":{"start":{"line":28,"column":42},"end":{"line":34,"column":7}},"line":28},"2":{"name":"(anonymous_2)","decl":{"start":{"line":54,"column":29},"end":{"line":54,"column":30}},"loc":{"start":{"line":54,"column":49},"end":{"line":125,"column":1}},"line":54},"3":{"name":"(anonymous_3)","decl":{"start":{"line":131,"column":30},"end":{"line":131,"column":31}},"loc":{"start":{"line":131,"column":50},"end":{"line":172,"column":1}},"line":131},"4":{"name":"(anonymous_4)","decl":{"start":{"line":178,"column":29},"end":{"line":178,"column":30}},"loc":{"start":{"line":178,"column":49},"end":{"line":216,"column":1}},"line":178}},"branchMap":{"0":{"loc":{"start":{"line":17,"column":4},"end":{"line":22,"column":5}},"type":"if","locations":[{"start":{"line":17,"column":4},"end":{"line":22,"column":5}},{"start":{},"end":{}}],"line":17},"1":{"loc":{"start":{"line":61,"column":4},"end":{"line":66,"column":5}},"type":"if","locations":[{"start":{"line":61,"column":4},"end":{"line":66,"column":5}},{"start":{},"end":{}}],"line":61},"2":{"loc":{"start":{"line":61,"column":8},"end":{"line":61,"column":25}},"type":"binary-expr","locations":[{"start":{"line":61,"column":8},"end":{"line":61,"column":13}},{"start":{"line":61,"column":17},"end":{"line":61,"column":25}}],"line":61},"3":{"loc":{"start":{"line":69,"column":4},"end":{"line":74,"column":5}},"type":"if","locations":[{"start":{"line":69,"column":4},"end":{"line":74,"column":5}},{"start":{},"end":{}}],"line":69},"4":{"loc":{"start":{"line":78,"column":4},"end":{"line":83,"column":5}},"type":"if","locations":[{"start":{"line":78,"column":4},"end":{"line":83,"column":5}},{"start":{},"end":{}}],"line":78},"5":{"loc":{"start":{"line":90,"column":15},"end":{"line":90,"column":31}},"type":"binary-expr","locations":[{"start":{"line":90,"column":15},"end":{"line":90,"column":22}},{"start":{"line":90,"column":26},"end":{"line":90,"column":31}}],"line":90},"6":{"loc":{"start":{"line":91,"column":21},"end":{"line":91,"column":43}},"type":"binary-expr","locations":[{"start":{"line":91,"column":21},"end":{"line":91,"column":34}},{"start":{"line":91,"column":38},"end":{"line":91,"column":43}}],"line":91},"7":{"loc":{"start":{"line":95,"column":4},"end":{"line":107,"column":5}},"type":"if","locations":[{"start":{"line":95,"column":4},"end":{"line":107,"column":5}},{"start":{},"end":{}}],"line":95},"8":{"loc":{"start":{"line":95,"column":8},"end":{"line":95,"column":60}},"type":"binary-expr","locations":[{"start":{"line":95,"column":8},"end":{"line":95,"column":14}},{"start":{"line":95,"column":18},"end":{"line":95,"column":39}},{"start":{"line":95,"column":43},"end":{"line":95,"column":60}}],"line":95},"9":{"loc":{"start":{"line":100,"column":28},"end":{"line":100,"column":58}},"type":"binary-expr","locations":[{"start":{"line":100,"column":28},"end":{"line":100,"column":38}},{"start":{"line":100,"column":42},"end":{"line":100,"column":58}}],"line":100},"10":{"loc":{"start":{"line":102,"column":20},"end":{"line":102,"column":46}},"type":"binary-expr","locations":[{"start":{"line":102,"column":20},"end":{"line":102,"column":30}},{"start":{"line":102,"column":34},"end":{"line":102,"column":46}}],"line":102},"11":{"loc":{"start":{"line":103,"column":20},"end":{"line":103,"column":35}},"type":"binary-expr","locations":[{"start":{"line":103,"column":20},"end":{"line":103,"column":30}},{"start":{"line":103,"column":34},"end":{"line":103,"column":35}}],"line":103},"12":{"loc":{"start":{"line":112,"column":77},"end":{"line":112,"column":96}},"type":"binary-expr","locations":[{"start":{"line":112,"column":77},"end":{"line":112,"column":91}},{"start":{"line":112,"column":95},"end":{"line":112,"column":96}}],"line":112},"13":{"loc":{"start":{"line":138,"column":4},"end":{"line":143,"column":5}},"type":"if","locations":[{"start":{"line":138,"column":4},"end":{"line":143,"column":5}},{"start":{},"end":{}}],"line":138},"14":{"loc":{"start":{"line":147,"column":4},"end":{"line":152,"column":5}},"type":"if","locations":[{"start":{"line":147,"column":4},"end":{"line":152,"column":5}},{"start":{},"end":{}}],"line":147},"15":{"loc":{"start":{"line":185,"column":4},"end":{"line":190,"column":5}},"type":"if","locations":[{"start":{"line":185,"column":4},"end":{"line":190,"column":5}},{"start":{},"end":{}}],"line":185},"16":{"loc":{"start":{"line":194,"column":4},"end":{"line":199,"column":5}},"type":"if","locations":[{"start":{"line":194,"column":4},"end":{"line":199,"column":5}},{"start":{},"end":{}}],"line":194}},"s":{"0":0,"1":0,"2":0,"3":0,"4":0,"5":0,"6":0,"7":0,"8":0,"9":0,"10":0,"11":0,"12":0,"13":0,"14":0,"15":0,"16":0,"17":0,"18":0,"19":0,"20":0,"21":0,"22":0,"23":0,"24":0,"25":0,"26":0,"27":0,"28":0,"29":0,"30":0,"31":0,"32":0,"33":0,"34":0,"35":0,"36":0,"37":0,"38":0,"39":0,"40":0,"41":0,"42":0,"43":0,"44":0,"45":0,"46":0,"47":0,"48":0,"49":0,"50":0,"51":0,"52":0,"53":0,"54":0,"55":0,"56":0,"57":0,"58":0,"59":0,"60":0,"61":0,"62":0,"63":0,"64":0,"65":0,"66":0},"f":{"0":0,"1":0,"2":0,"3":0,"4":0},"b":{"0":[0,0],"1":[0,0],"2":[0,0],"3":[0,0],"4":[0,0],"5":[0,0],"6":[0,0],"7":[0,0],"8":[0,0,0],"9":[0,0],"10":[0,0],"11":[0,0],"12":[0,0],"13":[0,0],"14":[0,0],"15":[0,0],"16":[0,0]},"inputSourceMap":null}
,"/Users/fer/Desktop/Uni/4 Curso/x TFG/app/backend/src/controllers/models.controller.js": {"path":"/Users/fer/Desktop/Uni/4 Curso/x TFG/app/backend/src/controllers/models.controller.js","statementMap":{"0":{"start":{"line":13,"column":4},"end":{"line":23,"column":5}},"1":{"start":{"line":14,"column":21},"end":{"line":14,"column":53}},"2":{"start":{"line":15,"column":6},"end":{"line":15,"column":23}},"3":{"start":{"line":17,"column":6},"end":{"line":17,"column":61}},"4":{"start":{"line":18,"column":6},"end":{"line":22,"column":9}},"5":{"start":{"line":31,"column":4},"end":{"line":49,"column":5}},"6":{"start":{"line":32,"column":24},"end":{"line":32,"column":32}},"7":{"start":{"line":34,"column":6},"end":{"line":38,"column":7}},"8":{"start":{"line":35,"column":8},"end":{"line":37,"column":11}},"9":{"start":{"line":40,"column":21},"end":{"line":40,"column":59}},"10":{"start":{"line":41,"column":6},"end":{"line":41,"column":23}},"11":{"start":{"line":43,"column":6},"end":{"line":43,"column":62}},"12":{"start":{"line":44,"column":6},"end":{"line":48,"column":9}},"13":{"start":{"line":57,"column":4},"end":{"line":67,"column":5}},"14":{"start":{"line":58,"column":21},"end":{"line":58,"column":64}},"15":{"start":{"line":59,"column":6},"end":{"line":59,"column":23}},"16":{"start":{"line":61,"column":6},"end":{"line":61,"column":72}},"17":{"start":{"line":62,"column":6},"end":{"line":66,"column":9}},"18":{"start":{"line":71,"column":32},"end":{"line":71,"column":54}}},"fnMap":{"0":{"name":"(anonymous_0)","decl":{"start":{"line":12,"column":2},"end":{"line":12,"column":3}},"loc":{"start":{"line":12,"column":29},"end":{"line":24,"column":3}},"line":12},"1":{"name":"(anonymous_1)","decl":{"start":{"line":30,"column":2},"end":{"line":30,"column":3}},"loc":{"start":{"line":30,"column":30},"end":{"line":50,"column":3}},"line":30},"2":{"name":"(anonymous_2)","decl":{"start":{"line":56,"column":2},"end":{"line":56,"column":3}},"loc":{"start":{"line":56,"column":40},"end":{"line":68,"column":3}},"line":56}},"branchMap":{"0":{"loc":{"start":{"line":18,"column":17},"end":{"line":18,"column":36}},"type":"binary-expr","locations":[{"start":{"line":18,"column":17},"end":{"line":18,"column":29}},{"start":{"line":18,"column":33},"end":{"line":18,"column":36}}],"line":18},"1":{"loc":{"start":{"line":19,"column":15},"end":{"line":19,"column":62}},"type":"binary-expr","locations":[{"start":{"line":19,"column":15},"end":{"line":19,"column":28}},{"start":{"line":19,"column":32},"end":{"line":19,"column":62}}],"line":19},"2":{"loc":{"start":{"line":34,"column":6},"end":{"line":38,"column":7}},"type":"if","locations":[{"start":{"line":34,"column":6},"end":{"line":38,"column":7}},{"start":{},"end":{}}],"line":34},"3":{"loc":{"start":{"line":44,"column":17},"end":{"line":44,"column":36}},"type":"binary-expr","locations":[{"start":{"line":44,"column":17},"end":{"line":44,"column":29}},{"start":{"line":44,"column":33},"end":{"line":44,"column":36}}],"line":44},"4":{"loc":{"start":{"line":45,"column":15},"end":{"line":45,"column":62}},"type":"binary-expr","locations":[{"start":{"line":45,"column":15},"end":{"line":45,"column":28}},{"start":{"line":45,"column":32},"end":{"line":45,"column":62}}],"line":45},"5":{"loc":{"start":{"line":62,"column":17},"end":{"line":62,"column":36}},"type":"binary-expr","locations":[{"start":{"line":62,"column":17},"end":{"line":62,"column":29}},{"start":{"line":62,"column":33},"end":{"line":62,"column":36}}],"line":62},"6":{"loc":{"start":{"line":63,"column":15},"end":{"line":63,"column":78}},"type":"binary-expr","locations":[{"start":{"line":63,"column":15},"end":{"line":63,"column":28}},{"start":{"line":63,"column":32},"end":{"line":63,"column":78}}],"line":63}},"s":{"0":0,"1":0,"2":0,"3":0,"4":0,"5":0,"6":0,"7":0,"8":0,"9":0,"10":0,"11":0,"12":0,"13":0,"14":0,"15":0,"16":0,"17":0,"18":0},"f":{"0":0,"1":0,"2":0},"b":{"0":[0,0],"1":[0,0],"2":[0,0],"3":[0,0],"4":[0,0],"5":[0,0],"6":[0,0]},"inputSourceMap":null}
,"/Users/fer/Desktop/Uni/4 Curso/x TFG/app/backend/src/controllers/users.controller.js": {"path":"/Users/fer/Desktop/Uni/4 Curso/x TFG/app/backend/src/controllers/users.controller.js","statementMap":{"0":{"start":{"line":9,"column":26},"end":{"line":92,"column":1}},"1":{"start":{"line":10,"column":2},"end":{"line":91,"column":3}},"2":{"start":{"line":11,"column":53},"end":{"line":11,"column":61}},"3":{"start":{"line":14,"column":4},"end":{"line":19,"column":5}},"4":{"start":{"line":15,"column":6},"end":{"line":18,"column":9}},"5":{"start":{"line":22,"column":23},"end":{"line":22,"column":51}},"6":{"start":{"line":23,"column":4},"end":{"line":27,"column":5}},"7":{"start":{"line":24,"column":6},"end":{"line":26,"column":9}},"8":{"start":{"line":30,"column":4},"end":{"line":34,"column":5}},"9":{"start":{"line":31,"column":6},"end":{"line":33,"column":9}},"10":{"start":{"line":37,"column":4},"end":{"line":41,"column":5}},"11":{"start":{"line":38,"column":6},"end":{"line":40,"column":9}},"12":{"start":{"line":44,"column":26},"end":{"line":44,"column":59}},"13":{"start":{"line":45,"column":4},"end":{"line":49,"column":5}},"14":{"start":{"line":46,"column":6},"end":{"line":48,"column":9}},"15":{"start":{"line":52,"column":23},"end":{"line":52,"column":25}},"16":{"start":{"line":53,"column":25},"end":{"line":53,"column":64}},"17":{"start":{"line":56,"column":20},"end":{"line":61,"column":6}},"18":{"start":{"line":63,"column":4},"end":{"line":63,"column":67}},"19":{"start":{"line":66,"column":4},"end":{"line":76,"column":7}},"20":{"start":{"line":78,"column":4},"end":{"line":78,"column":51}},"21":{"start":{"line":81,"column":4},"end":{"line":85,"column":5}},"22":{"start":{"line":82,"column":6},"end":{"line":84,"column":9}},"23":{"start":{"line":87,"column":4},"end":{"line":90,"column":7}},"24":{"start":{"line":97,"column":27},"end":{"line":126,"column":1}},"25":{"start":{"line":98,"column":2},"end":{"line":125,"column":3}},"26":{"start":{"line":99,"column":19},"end":{"line":99,"column":29}},"27":{"start":{"line":101,"column":17},"end":{"line":101,"column":44}},"28":{"start":{"line":103,"column":4},"end":{"line":107,"column":5}},"29":{"start":{"line":104,"column":6},"end":{"line":106,"column":9}},"30":{"start":{"line":109,"column":4},"end":{"line":118,"column":7}},"31":{"start":{"line":120,"column":4},"end":{"line":120,"column":53}},"32":{"start":{"line":121,"column":4},"end":{"line":124,"column":7}},"33":{"start":{"line":131,"column":33},"end":{"line":160,"column":1}},"34":{"start":{"line":132,"column":2},"end":{"line":159,"column":3}},"35":{"start":{"line":133,"column":25},"end":{"line":133,"column":35}},"36":{"start":{"line":135,"column":17},"end":{"line":135,"column":56}},"37":{"start":{"line":137,"column":4},"end":{"line":141,"column":5}},"38":{"start":{"line":138,"column":6},"end":{"line":140,"column":9}},"39":{"start":{"line":143,"column":4},"end":{"line":152,"column":7}},"40":{"start":{"line":154,"column":4},"end":{"line":154,"column":53}},"41":{"start":{"line":155,"column":4},"end":{"line":158,"column":7}},"42":{"start":{"line":165,"column":26},"end":{"line":227,"column":1}},"43":{"start":{"line":166,"column":2},"end":{"line":226,"column":3}},"44":{"start":{"line":167,"column":19},"end":{"line":167,"column":34}},"45":{"start":{"line":168,"column":43},"end":{"line":168,"column":51}},"46":{"start":{"line":171,"column":4},"end":{"line":175,"column":5}},"47":{"start":{"line":172,"column":6},"end":{"line":174,"column":9}},"48":{"start":{"line":178,"column":4},"end":{"line":185,"column":5}},"49":{"start":{"line":179,"column":28},"end":{"line":179,"column":61}},"50":{"start":{"line":180,"column":6},"end":{"line":184,"column":7}},"51":{"start":{"line":181,"column":8},"end":{"line":183,"column":11}},"52":{"start":{"line":188,"column":24},"end":{"line":192,"column":6}},"53":{"start":{"line":194,"column":4},"end":{"line":198,"column":5}},"54":{"start":{"line":195,"column":6},"end":{"line":197,"column":9}},"55":{"start":{"line":200,"column":4},"end":{"line":200,"column":80}},"56":{"start":{"line":202,"column":4},"end":{"line":212,"column":7}},"57":{"start":{"line":214,"column":4},"end":{"line":214,"column":56}},"58":{"start":{"line":216,"column":4},"end":{"line":220,"column":5}},"59":{"start":{"line":217,"column":6},"end":{"line":219,"column":9}},"60":{"start":{"line":222,"column":4},"end":{"line":225,"column":7}},"61":{"start":{"line":232,"column":30},"end":{"line":281,"column":1}},"62":{"start":{"line":233,"column":2},"end":{"line":280,"column":3}},"63":{"start":{"line":234,"column":19},"end":{"line":234,"column":34}},"64":{"start":{"line":235,"column":45},"end":{"line":235,"column":53}},"65":{"start":{"line":238,"column":21},"end":{"line":238,"column":64}},"66":{"start":{"line":240,"column":4},"end":{"line":244,"column":5}},"67":{"start":{"line":241,"column":6},"end":{"line":243,"column":9}},"68":{"start":{"line":247,"column":28},"end":{"line":247,"column":90}},"69":{"start":{"line":249,"column":4},"end":{"line":253,"column":5}},"70":{"start":{"line":250,"column":6},"end":{"line":252,"column":9}},"71":{"start":{"line":256,"column":27},"end":{"line":256,"column":85}},"72":{"start":{"line":257,"column":4},"end":{"line":261,"column":5}},"73":{"start":{"line":258,"column":6},"end":{"line":260,"column":9}},"74":{"start":{"line":264,"column":28},"end":{"line":264,"column":59}},"75":{"start":{"line":267,"column":4},"end":{"line":267,"column":60}},"76":{"start":{"line":269,"column":4},"end":{"line":269,"column":66}},"77":{"start":{"line":271,"column":4},"end":{"line":273,"column":7}},"78":{"start":{"line":275,"column":4},"end":{"line":275,"column":56}},"79":{"start":{"line":276,"column":4},"end":{"line":279,"column":7}},"80":{"start":{"line":286,"column":26},"end":{"line":310,"column":1}},"81":{"start":{"line":287,"column":2},"end":{"line":309,"column":3}},"82":{"start":{"line":288,"column":19},"end":{"line":288,"column":34}},"83":{"start":{"line":290,"column":24},"end":{"line":290,"column":54}},"84":{"start":{"line":292,"column":4},"end":{"line":296,"column":5}},"85":{"start":{"line":293,"column":6},"end":{"line":295,"column":9}},"86":{"start":{"line":298,"column":4},"end":{"line":298,"column":75}},"87":{"start":{"line":300,"column":4},"end":{"line":302,"column":7}},"88":{"start":{"line":304,"column":4},"end":{"line":304,"column":54}},"89":{"start":{"line":305,"column":4},"end":{"line":308,"column":7}}},"fnMap":{"0":{"name":"(anonymous_0)","decl":{"start":{"line":9,"column":26},"end":{"line":9,"column":27}},"loc":{"start":{"line":9,"column":46},"end":{"line":92,"column":1}},"line":9},"1":{"name":"(anonymous_1)","decl":{"start":{"line":97,"column":27},"end":{"line":97,"column":28}},"loc":{"start":{"line":97,"column":47},"end":{"line":126,"column":1}},"line":97},"2":{"name":"(anonymous_2)","decl":{"start":{"line":131,"column":33},"end":{"line":131,"column":34}},"loc":{"start":{"line":131,"column":53},"end":{"line":160,"column":1}},"line":131},"3":{"name":"(anonymous_3)","decl":{"start":{"line":165,"column":26},"end":{"line":165,"column":27}},"loc":{"start":{"line":165,"column":46},"end":{"line":227,"column":1}},"line":165},"4":{"name":"(anonymous_4)","decl":{"start":{"line":232,"column":30},"end":{"line":232,"column":31}},"loc":{"start":{"line":232,"column":50},"end":{"line":281,"column":1}},"line":232},"5":{"name":"(anonymous_5)","decl":{"start":{"line":286,"column":26},"end":{"line":286,"column":27}},"loc":{"start":{"line":286,"column":46},"end":{"line":310,"column":1}},"line":286}},"branchMap":{"0":{"loc":{"start":{"line":14,"column":4},"end":{"line":19,"column":5}},"type":"if","locations":[{"start":{"line":14,"column":4},"end":{"line":19,"column":5}},{"start":{},"end":{}}],"line":14},"1":{"loc":{"start":{"line":14,"column":8},"end":{"line":14,"column":40}},"type":"binary-expr","locations":[{"start":{"line":14,"column":8},"end":{"line":14,"column":17}},{"start":{"line":14,"column":21},"end":{"line":14,"column":27}},{"start":{"line":14,"column":31},"end":{"line":14,"column":40}}],"line":14},"2":{"loc":{"start":{"line":23,"column":4},"end":{"line":27,"column":5}},"type":"if","locations":[{"start":{"line":23,"column":4},"end":{"line":27,"column":5}},{"start":{},"end":{}}],"line":23},"3":{"loc":{"start":{"line":30,"column":4},"end":{"line":34,"column":5}},"type":"if","locations":[{"start":{"line":30,"column":4},"end":{"line":34,"column":5}},{"start":{},"end":{}}],"line":30},"4":{"loc":{"start":{"line":30,"column":8},"end":{"line":30,"column":51}},"type":"binary-expr","locations":[{"start":{"line":30,"column":8},"end":{"line":30,"column":27}},{"start":{"line":30,"column":31},"end":{"line":30,"column":51}}],"line":30},"5":{"loc":{"start":{"line":37,"column":4},"end":{"line":41,"column":5}},"type":"if","locations":[{"start":{"line":37,"column":4},"end":{"line":41,"column":5}},{"start":{},"end":{}}],"line":37},"6":{"loc":{"start":{"line":45,"column":4},"end":{"line":49,"column":5}},"type":"if","locations":[{"start":{"line":45,"column":4},"end":{"line":49,"column":5}},{"start":{},"end":{}}],"line":45},"7":{"loc":{"start":{"line":60,"column":17},"end":{"line":60,"column":34}},"type":"binary-expr","locations":[{"start":{"line":60,"column":17},"end":{"line":60,"column":26}},{"start":{"line":60,"column":30},"end":{"line":60,"column":34}}],"line":60},"8":{"loc":{"start":{"line":81,"column":4},"end":{"line":85,"column":5}},"type":"if","locations":[{"start":{"line":81,"column":4},"end":{"line":85,"column":5}},{"start":{},"end":{}}],"line":81},"9":{"loc":{"start":{"line":103,"column":4},"end":{"line":107,"column":5}},"type":"if","locations":[{"start":{"line":103,"column":4},"end":{"line":107,"column":5}},{"start":{},"end":{}}],"line":103},"10":{"loc":{"start":{"line":137,"column":4},"end":{"line":141,"column":5}},"type":"if","locations":[{"start":{"line":137,"column":4},"end":{"line":141,"column":5}},{"start":{},"end":{}}],"line":137},"11":{"loc":{"start":{"line":171,"column":4},"end":{"line":175,"column":5}},"type":"if","locations":[{"start":{"line":171,"column":4},"end":{"line":175,"column":5}},{"start":{},"end":{}}],"line":171},"12":{"loc":{"start":{"line":171,"column":8},"end":{"line":171,"column":41}},"type":"binary-expr","locations":[{"start":{"line":171,"column":8},"end":{"line":171,"column":17}},{"start":{"line":171,"column":21},"end":{"line":171,"column":27}},{"start":{"line":171,"column":31},"end":{"line":171,"column":41}}],"line":171},"13":{"loc":{"start":{"line":178,"column":4},"end":{"line":185,"column":5}},"type":"if","locations":[{"start":{"line":178,"column":4},"end":{"line":185,"column":5}},{"start":{},"end":{}}],"line":178},"14":{"loc":{"start":{"line":180,"column":6},"end":{"line":184,"column":7}},"type":"if","locations":[{"start":{"line":180,"column":6},"end":{"line":184,"column":7}},{"start":{},"end":{}}],"line":180},"15":{"loc":{"start":{"line":180,"column":10},"end":{"line":180,"column":54}},"type":"binary-expr","locations":[{"start":{"line":180,"column":10},"end":{"line":180,"column":23}},{"start":{"line":180,"column":27},"end":{"line":180,"column":54}}],"line":180},"16":{"loc":{"start":{"line":194,"column":4},"end":{"line":198,"column":5}},"type":"if","locations":[{"start":{"line":194,"column":4},"end":{"line":198,"column":5}},{"start":{},"end":{}}],"line":194},"17":{"loc":{"start":{"line":216,"column":4},"end":{"line":220,"column":5}},"type":"if","locations":[{"start":{"line":216,"column":4},"end":{"line":220,"column":5}},{"start":{},"end":{}}],"line":216},"18":{"loc":{"start":{"line":240,"column":4},"end":{"line":244,"column":5}},"type":"if","locations":[{"start":{"line":240,"column":4},"end":{"line":244,"column":5}},{"start":{},"end":{}}],"line":240},"19":{"loc":{"start":{"line":249,"column":4},"end":{"line":253,"column":5}},"type":"if","locations":[{"start":{"line":249,"column":4},"end":{"line":253,"column":5}},{"start":{},"end":{}}],"line":249},"20":{"loc":{"start":{"line":257,"column":4},"end":{"line":261,"column":5}},"type":"if","locations":[{"start":{"line":257,"column":4},"end":{"line":261,"column":5}},{"start":{},"end":{}}],"line":257},"21":{"loc":{"start":{"line":292,"column":4},"end":{"line":296,"column":5}},"type":"if","locations":[{"start":{"line":292,"column":4},"end":{"line":296,"column":5}},{"start":{},"end":{}}],"line":292}},"s":{"0":0,"1":0,"2":0,"3":0,"4":0,"5":0,"6":0,"7":0,"8":0,"9":0,"10":0,"11":0,"12":0,"13":0,"14":0,"15":0,"16":0,"17":0,"18":0,"19":0,"20":0,"21":0,"22":0,"23":0,"24":0,"25":0,"26":0,"27":0,"28":0,"29":0,"30":0,"31":0,"32":0,"33":0,"34":0,"35":0,"36":0,"37":0,"38":0,"39":0,"40":0,"41":0,"42":0,"43":0,"44":0,"45":0,"46":0,"47":0,"48":0,"49":0,"50":0,"51":0,"52":0,"53":0,"54":0,"55":0,"56":0,"57":0,"58":0,"59":0,"60":0,"61":0,"62":0,"63":0,"64":0,"65":0,"66":0,"67":0,"68":0,"69":0,"70":0,"71":0,"72":0,"73":0,"74":0,"75":0,"76":0,"77":0,"78":0,"79":0,"80":0,"81":0,"82":0,"83":0,"84":0,"85":0,"86":0,"87":0,"88":0,"89":0},"f":{"0":0,"1":0,"2":0,"3":0,"4":0,"5":0},"b":{"0":[0,0],"1":[0,0,0],"2":[0,0],"3":[0,0],"4":[0,0],"5":[0,0],"6":[0,0],"7":[0,0],"8":[0,0],"9":[0,0],"10":[0,0],"11":[0,0],"12":[0,0,0],"13":[0,0],"14":[0,0],"15":[0,0],"16":[0,0],"17":[0,0],"18":[0,0],"19":[0,0],"20":[0,0],"21":[0,0]},"inputSourceMap":null}
,"/Users/fer/Desktop/Uni/4 Curso/x TFG/app/backend/src/db/chats.js": {"path":"/Users/fer/Desktop/Uni/4 Curso/x TFG/app/backend/src/db/chats.js","statementMap":{"0":{"start":{"line":6,"column":32},"end":{"line":15,"column":1}},"1":{"start":{"line":7,"column":17},"end":{"line":13,"column":3}},"2":{"start":{"line":14,"column":2},"end":{"line":14,"column":21}},"3":{"start":{"line":20,"column":27},"end":{"line":26,"column":1}},"4":{"start":{"line":21,"column":17},"end":{"line":24,"column":3}},"5":{"start":{"line":25,"column":2},"end":{"line":25,"column":24}},"6":{"start":{"line":31,"column":26},"end":{"line":39,"column":1}},"7":{"start":{"line":32,"column":17},"end":{"line":37,"column":3}},"8":{"start":{"line":38,"column":2},"end":{"line":38,"column":24}},"9":{"start":{"line":44,"column":31},"end":{"line":53,"column":1}},"10":{"start":{"line":45,"column":17},"end":{"line":51,"column":3}},"11":{"start":{"line":52,"column":2},"end":{"line":52,"column":24}},"12":{"start":{"line":58,"column":32},"end":{"line":67,"column":1}},"13":{"start":{"line":59,"column":17},"end":{"line":65,"column":3}},"14":{"start":{"line":66,"column":2},"end":{"line":66,"column":24}},"15":{"start":{"line":72,"column":25},"end":{"line":81,"column":1}},"16":{"start":{"line":73,"column":17},"end":{"line":79,"column":3}},"17":{"start":{"line":80,"column":2},"end":{"line":80,"column":24}},"18":{"start":{"line":86,"column":26},"end":{"line":89,"column":1}},"19":{"start":{"line":87,"column":17},"end":{"line":87,"column":86}},"20":{"start":{"line":88,"column":2},"end":{"line":88,"column":24}},"21":{"start":{"line":94,"column":35},"end":{"line":100,"column":1}},"22":{"start":{"line":95,"column":17},"end":{"line":98,"column":3}},"23":{"start":{"line":99,"column":2},"end":{"line":99,"column":32}}},"fnMap":{"0":{"name":"(anonymous_0)","decl":{"start":{"line":6,"column":32},"end":{"line":6,"column":33}},"loc":{"start":{"line":6,"column":50},"end":{"line":15,"column":1}},"line":6},"1":{"name":"(anonymous_1)","decl":{"start":{"line":20,"column":27},"end":{"line":20,"column":28}},"loc":{"start":{"line":20,"column":45},"end":{"line":26,"column":1}},"line":20},"2":{"name":"(anonymous_2)","decl":{"start":{"line":31,"column":26},"end":{"line":31,"column":27}},"loc":{"start":{"line":31,"column":66},"end":{"line":39,"column":1}},"line":31},"3":{"name":"(anonymous_3)","decl":{"start":{"line":44,"column":31},"end":{"line":44,"column":32}},"loc":{"start":{"line":44,"column":56},"end":{"line":53,"column":1}},"line":44},"4":{"name":"(anonymous_4)","decl":{"start":{"line":58,"column":32},"end":{"line":58,"column":33}},"loc":{"start":{"line":58,"column":58},"end":{"line":67,"column":1}},"line":58},"5":{"name":"(anonymous_5)","decl":{"start":{"line":72,"column":25},"end":{"line":72,"column":26}},"loc":{"start":{"line":72,"column":43},"end":{"line":81,"column":1}},"line":72},"6":{"name":"(anonymous_6)","decl":{"start":{"line":86,"column":26},"end":{"line":86,"column":27}},"loc":{"start":{"line":86,"column":44},"end":{"line":89,"column":1}},"line":86},"7":{"name":"(anonymous_7)","decl":{"start":{"line":94,"column":35},"end":{"line":94,"column":36}},"loc":{"start":{"line":94,"column":61},"end":{"line":100,"column":1}},"line":94}},"branchMap":{"0":{"loc":{"start":{"line":31,"column":41},"end":{"line":31,"column":61}},"type":"default-arg","locations":[{"start":{"line":31,"column":49},"end":{"line":31,"column":61}}],"line":31}},"s":{"0":0,"1":0,"2":0,"3":0,"4":0,"5":0,"6":0,"7":0,"8":0,"9":0,"10":0,"11":0,"12":0,"13":0,"14":0,"15":0,"16":0,"17":0,"18":0,"19":0,"20":0,"21":0,"22":0,"23":0},"f":{"0":0,"1":0,"2":0,"3":0,"4":0,"5":0,"6":0,"7":0},"b":{"0":[0]},"inputSourceMap":null}
,"/Users/fer/Desktop/Uni/4 Curso/x TFG/app/backend/src/db/index.js": {"path":"/Users/fer/Desktop/Uni/4 Curso/x TFG/app/backend/src/db/index.js","statementMap":{},"fnMap":{},"branchMap":{},"s":{},"f":{},"b":{},"inputSourceMap":null}
,"/Users/fer/Desktop/Uni/4 Curso/x TFG/app/backend/src/db/message_images.js": {"path":"/Users/fer/Desktop/Uni/4 Curso/x TFG/app/backend/src/db/message_images.js","statementMap":{"0":{"start":{"line":6,"column":36},"end":{"line":16,"column":1}},"1":{"start":{"line":7,"column":17},"end":{"line":14,"column":3}},"2":{"start":{"line":15,"column":2},"end":{"line":15,"column":21}},"3":{"start":{"line":21,"column":28},"end":{"line":30,"column":1}},"4":{"start":{"line":22,"column":17},"end":{"line":28,"column":3}},"5":{"start":{"line":29,"column":2},"end":{"line":29,"column":24}},"6":{"start":{"line":35,"column":27},"end":{"line":52,"column":1}},"7":{"start":{"line":43,"column":17},"end":{"line":50,"column":3}},"8":{"start":{"line":51,"column":2},"end":{"line":51,"column":24}},"9":{"start":{"line":57,"column":27},"end":{"line":63,"column":1}},"10":{"start":{"line":58,"column":17},"end":{"line":61,"column":3}},"11":{"start":{"line":62,"column":2},"end":{"line":62,"column":24}},"12":{"start":{"line":68,"column":37},"end":{"line":74,"column":1}},"13":{"start":{"line":69,"column":17},"end":{"line":72,"column":3}},"14":{"start":{"line":73,"column":2},"end":{"line":73,"column":21}},"15":{"start":{"line":79,"column":38},"end":{"line":85,"column":1}},"16":{"start":{"line":80,"column":17},"end":{"line":83,"column":3}},"17":{"start":{"line":84,"column":2},"end":{"line":84,"column":40}}},"fnMap":{"0":{"name":"(anonymous_0)","decl":{"start":{"line":6,"column":36},"end":{"line":6,"column":37}},"loc":{"start":{"line":6,"column":57},"end":{"line":16,"column":1}},"line":6},"1":{"name":"(anonymous_1)","decl":{"start":{"line":21,"column":28},"end":{"line":21,"column":29}},"loc":{"start":{"line":21,"column":47},"end":{"line":30,"column":1}},"line":21},"2":{"name":"(anonymous_2)","decl":{"start":{"line":35,"column":27},"end":{"line":35,"column":28}},"loc":{"start":{"line":42,"column":6},"end":{"line":52,"column":1}},"line":42},"3":{"name":"(anonymous_3)","decl":{"start":{"line":57,"column":27},"end":{"line":57,"column":28}},"loc":{"start":{"line":57,"column":46},"end":{"line":63,"column":1}},"line":57},"4":{"name":"(anonymous_4)","decl":{"start":{"line":68,"column":37},"end":{"line":68,"column":38}},"loc":{"start":{"line":68,"column":58},"end":{"line":74,"column":1}},"line":68},"5":{"name":"(anonymous_5)","decl":{"start":{"line":79,"column":38},"end":{"line":79,"column":39}},"loc":{"start":{"line":79,"column":59},"end":{"line":85,"column":1}},"line":79}},"branchMap":{},"s":{"0":0,"1":0,"2":0,"3":0,"4":0,"5":0,"6":0,"7":0,"8":0,"9":0,"10":0,"11":0,"12":0,"13":0,"14":0,"15":0,"16":0,"17":0},"f":{"0":0,"1":0,"2":0,"3":0,"4":0,"5":0},"b":{},"inputSourceMap":null}
,"/Users/fer/Desktop/Uni/4 Curso/x TFG/app/backend/src/db/messages.js": {"path":"/Users/fer/Desktop/Uni/4 Curso/x TFG/app/backend/src/db/messages.js","statementMap":{"0":{"start":{"line":7,"column":35},"end":{"line":16,"column":1}},"1":{"start":{"line":8,"column":17},"end":{"line":14,"column":3}},"2":{"start":{"line":15,"column":2},"end":{"line":15,"column":21}},"3":{"start":{"line":21,"column":30},"end":{"line":27,"column":1}},"4":{"start":{"line":22,"column":17},"end":{"line":25,"column":3}},"5":{"start":{"line":26,"column":2},"end":{"line":26,"column":24}},"6":{"start":{"line":32,"column":29},"end":{"line":40,"column":1}},"7":{"start":{"line":33,"column":17},"end":{"line":38,"column":3}},"8":{"start":{"line":39,"column":2},"end":{"line":39,"column":24}},"9":{"start":{"line":45,"column":29},"end":{"line":48,"column":1}},"10":{"start":{"line":46,"column":17},"end":{"line":46,"column":92}},"11":{"start":{"line":47,"column":2},"end":{"line":47,"column":24}},"12":{"start":{"line":53,"column":36},"end":{"line":56,"column":1}},"13":{"start":{"line":54,"column":17},"end":{"line":54,"column":81}},"14":{"start":{"line":55,"column":2},"end":{"line":55,"column":25}},"15":{"start":{"line":61,"column":38},"end":{"line":71,"column":1}},"16":{"start":{"line":62,"column":17},"end":{"line":69,"column":3}},"17":{"start":{"line":70,"column":2},"end":{"line":70,"column":24}},"18":{"start":{"line":76,"column":37},"end":{"line":82,"column":1}},"19":{"start":{"line":77,"column":17},"end":{"line":80,"column":3}},"20":{"start":{"line":81,"column":2},"end":{"line":81,"column":40}},"21":{"start":{"line":87,"column":38},"end":{"line":101,"column":1}},"22":{"start":{"line":88,"column":23},"end":{"line":88,"column":56}},"23":{"start":{"line":90,"column":30},"end":{"line":98,"column":3}},"24":{"start":{"line":92,"column":21},"end":{"line":92,"column":73}},"25":{"start":{"line":93,"column":6},"end":{"line":96,"column":8}},"26":{"start":{"line":100,"column":2},"end":{"line":100,"column":29}}},"fnMap":{"0":{"name":"(anonymous_0)","decl":{"start":{"line":7,"column":35},"end":{"line":7,"column":36}},"loc":{"start":{"line":7,"column":53},"end":{"line":16,"column":1}},"line":7},"1":{"name":"(anonymous_1)","decl":{"start":{"line":21,"column":30},"end":{"line":21,"column":31}},"loc":{"start":{"line":21,"column":51},"end":{"line":27,"column":1}},"line":21},"2":{"name":"(anonymous_2)","decl":{"start":{"line":32,"column":29},"end":{"line":32,"column":30}},"loc":{"start":{"line":32,"column":106},"end":{"line":40,"column":1}},"line":32},"3":{"name":"(anonymous_3)","decl":{"start":{"line":45,"column":29},"end":{"line":45,"column":30}},"loc":{"start":{"line":45,"column":50},"end":{"line":48,"column":1}},"line":45},"4":{"name":"(anonymous_4)","decl":{"start":{"line":53,"column":36},"end":{"line":53,"column":37}},"loc":{"start":{"line":53,"column":54},"end":{"line":56,"column":1}},"line":53},"5":{"name":"(anonymous_5)","decl":{"start":{"line":61,"column":38},"end":{"line":61,"column":39}},"loc":{"start":{"line":61,"column":56},"end":{"line":71,"column":1}},"line":61},"6":{"name":"(anonymous_6)","decl":{"start":{"line":76,"column":37},"end":{"line":76,"column":38}},"loc":{"start":{"line":76,"column":55},"end":{"line":82,"column":1}},"line":76},"7":{"name":"(anonymous_7)","decl":{"start":{"line":87,"column":38},"end":{"line":87,"column":39}},"loc":{"start":{"line":87,"column":56},"end":{"line":101,"column":1}},"line":87},"8":{"name":"(anonymous_8)","decl":{"start":{"line":91,"column":21},"end":{"line":91,"column":22}},"loc":{"start":{"line":91,"column":40},"end":{"line":97,"column":5}},"line":91}},"branchMap":{"0":{"loc":{"start":{"line":32,"column":61},"end":{"line":32,"column":76}},"type":"default-arg","locations":[{"start":{"line":32,"column":71},"end":{"line":32,"column":76}}],"line":32},"1":{"loc":{"start":{"line":32,"column":78},"end":{"line":32,"column":99}},"type":"default-arg","locations":[{"start":{"line":32,"column":94},"end":{"line":32,"column":99}}],"line":32}},"s":{"0":0,"1":0,"2":0,"3":0,"4":0,"5":0,"6":0,"7":0,"8":0,"9":0,"10":0,"11":0,"12":0,"13":0,"14":0,"15":0,"16":0,"17":0,"18":0,"19":0,"20":0,"21":0,"22":0,"23":0,"24":0,"25":0,"26":0},"f":{"0":0,"1":0,"2":0,"3":0,"4":0,"5":0,"6":0,"7":0,"8":0},"b":{"0":[0],"1":[0]},"inputSourceMap":null}
[...]
,"/Users/fer/Desktop/Uni/4 Curso/x TFG/app/backend/src/routes/messages.routes.js": {"path":"/Users/fer/Desktop/Uni/4 Curso/x TFG/app/backend/src/routes/messages.routes.js","statementMap":{"0":{"start":{"line":7,"column":15},"end":{"line":7,"column":31}},"1":{"start":{"line":10,"column":32},"end":{"line":22,"column":1}},"2":{"start":{"line":24,"column":28},"end":{"line":24,"column":87}},"3":{"start":{"line":26,"column":25},"end":{"line":26,"column":85}},"4":{"start":{"line":29,"column":0},"end":{"line":29,"column":25}},"5":{"start":{"line":35,"column":0},"end":{"line":40,"column":2}},"6":{"start":{"line":46,"column":0},"end":{"line":51,"column":2}},"7":{"start":{"line":57,"column":0},"end":{"line":62,"column":2}},"8":{"start":{"line":68,"column":0},"end":{"line":73,"column":2}}},"fnMap":{},"branchMap":{},"s":{"0":0,"1":0,"2":0,"3":0,"4":0,"5":0,"6":0,"7":0,"8":0},"f":{},"b":{},"inputSourceMap":null}
,"/Users/fer/Desktop/Uni/4 Curso/x TFG/app/backend/src/routes/models.routes.js": {"path":"/Users/fer/Desktop/Uni/4 Curso/x TFG/app/backend/src/routes/models.routes.js","statementMap":{"0":{"start":{"line":4,"column":15},"end":{"line":4,"column":31}},"1":{"start":{"line":11,"column":0},"end":{"line":11,"column":68}},"2":{"start":{"line":18,"column":0},"end":{"line":18,"column":90}},"3":{"start":{"line":25,"column":0},"end":{"line":25,"column":76}}},"fnMap":{},"branchMap":{},"s":{"0":0,"1":0,"2":0,"3":0},"f":{},"b":{},"inputSourceMap":null}
,"/Users/fer/Desktop/Uni/4 Curso/x TFG/app/backend/src/routes/users.routes.js": {"path":"/Users/fer/Desktop/Uni/4 Curso/x TFG/app/backend/src/routes/users.routes.js","statementMap":{"0":{"start":{"line":17,"column":15},"end":{"line":17,"column":31}},"1":{"start":{"line":23,"column":0},"end":{"line":28,"column":2}},"2":{"start":{"line":34,"column":0},"end":{"line":34,"column":53}},"3":{"start":{"line":50,"column":0},"end":{"line":56,"column":2}},"4":{"start":{"line":72,"column":0},"end":{"line":78,"column":2}},"5":{"start":{"line":87,"column":0},"end":{"line":91,"column":2}}},"fnMap":{},"branchMap":{},"s":{"0":0,"1":0,"2":0,"3":0,"4":0,"5":0},"f":{},"b":{},"inputSourceMap":null}
,"/Users/fer/Desktop/Uni/4 Curso/x TFG/app/backend/src/services/auth.service.js": {"path":"/Users/fer/Desktop/Uni/4 Curso/x TFG/app/backend/src/services/auth.service.js","statementMap":{"0":{"start":{"line":9,"column":35},"end":{"line":13,"column":1}},"1":{"start":{"line":10,"column":2},"end":{"line":12,"column":5}},"2":{"start":{"line":18,"column":36},"end":{"line":22,"column":1}},"3":{"start":{"line":19,"column":2},"end":{"line":21,"column":5}},"4":{"start":{"line":27,"column":33},"end":{"line":34,"column":1}},"5":{"start":{"line":28,"column":2},"end":{"line":33,"column":3}},"6":{"start":{"line":29,"column":4},"end":{"line":29,"column":48}},"7":{"start":{"line":31,"column":4},"end":{"line":31,"column":68}},"8":{"start":{"line":32,"column":4},"end":{"line":32,"column":16}},"9":{"start":{"line":39,"column":34},"end":{"line":46,"column":1}},"10":{"start":{"line":40,"column":2},"end":{"line":45,"column":3}},"11":{"start":{"line":41,"column":4},"end":{"line":41,"column":55}},"12":{"start":{"line":43,"column":4},"end":{"line":43,"column":69}},"13":{"start":{"line":44,"column":4},"end":{"line":44,"column":16}},"14":{"start":{"line":51,"column":31},"end":{"line":53,"column":1}},"15":{"start":{"line":52,"column":2},"end":{"line":52,"column":46}},"16":{"start":{"line":58,"column":28},"end":{"line":61,"column":1}},"17":{"start":{"line":59,"column":21},"end":{"line":59,"column":23}},"18":{"start":{"line":60,"column":2},"end":{"line":60,"column":49}},"19":{"start":{"line":66,"column":30},"end":{"line":77,"column":1}},"20":{"start":{"line":67,"column":18},"end":{"line":71,"column":3}},"21":{"start":{"line":73,"column":22},"end":{"line":73,"column":50}},"22":{"start":{"line":74,"column":23},"end":{"line":74,"column":52}},"23":{"start":{"line":76,"column":2},"end":{"line":76,"column":39}},"24":{"start":{"line":82,"column":38},"end":{"line":87,"column":1}},"25":{"start":{"line":83,"column":2},"end":{"line":85,"column":3}},"26":{"start":{"line":84,"column":4},"end":{"line":84,"column":16}},"27":{"start":{"line":86,"column":2},"end":{"line":86,"column":33}}},"fnMap":{"0":{"name":"(anonymous_0)","decl":{"start":{"line":9,"column":35},"end":{"line":9,"column":36}},"loc":{"start":{"line":9,"column":48},"end":{"line":13,"column":1}},"line":9},"1":{"name":"(anonymous_1)","decl":{"start":{"line":18,"column":36},"end":{"line":18,"column":37}},"loc":{"start":{"line":18,"column":49},"end":{"line":22,"column":1}},"line":18},"2":{"name":"(anonymous_2)","decl":{"start":{"line":27,"column":33},"end":{"line":27,"column":34}},"loc":{"start":{"line":27,"column":44},"end":{"line":34,"column":1}},"line":27},"3":{"name":"(anonymous_3)","decl":{"start":{"line":39,"column":34},"end":{"line":39,"column":35}},"loc":{"start":{"line":39,"column":45},"end":{"line":46,"column":1}},"line":39},"4":{"name":"(anonymous_4)","decl":{"start":{"line":51,"column":31},"end":{"line":51,"column":32}},"loc":{"start":{"line":51,"column":57},"end":{"line":53,"column":1}},"line":51},"5":{"name":"(anonymous_5)","decl":{"start":{"line":58,"column":28},"end":{"line":58,"column":29}},"loc":{"start":{"line":58,"column":48},"end":{"line":61,"column":1}},"line":58},"6":{"name":"(anonymous_6)","decl":{"start":{"line":66,"column":30},"end":{"line":66,"column":31}},"loc":{"start":{"line":66,"column":40},"end":{"line":77,"column":1}},"line":66},"7":{"name":"(anonymous_7)","decl":{"start":{"line":82,"column":38},"end":{"line":82,"column":39}},"loc":{"start":{"line":82,"column":54},"end":{"line":87,"column":1}},"line":82}},"branchMap":{"0":{"loc":{"start":{"line":83,"column":2},"end":{"line":85,"column":3}},"type":"if","locations":[{"start":{"line":83,"column":2},"end":{"line":85,"column":3}},{"start":{},"end":{}}],"line":83},"1":{"loc":{"start":{"line":83,"column":6},"end":{"line":83,"column":54}},"type":"binary-expr","locations":[{"start":{"line":83,"column":6},"end":{"line":83,"column":17}},{"start":{"line":83,"column":21},"end":{"line":83,"column":54}}],"line":83}},"s":{"0":2,"1":21,"2":2,"3":7,"4":2,"5":21,"6":21,"7":13,"8":13,"9":2,"10":3,"11":3,"12":2,"13":2,"14":2,"15":3,"16":2,"17":6,"18":6,"19":2,"20":3,"21":3,"22":3,"23":3,"24":2,"25":29,"26":11,"27":18},"f":{"0":21,"1":7,"2":21,"3":3,"4":3,"5":6,"6":3,"7":29},"b":{"0":[11,18],"1":[29,22]},"inputSourceMap":null,"_coverageSchema":"1a1c01bbd47fc00a2c39e90264f33305004495a9","hash":"36f475114624ccc0fcc23ea980c4e250a5dd3072"}
,"/Users/fer/Desktop/Uni/4 Curso/x TFG/app/backend/src/services/ollama.service.js": {"path":"/Users/fer/Desktop/Uni/4 Curso/x TFG/app/backend/src/services/ollama.service.js","statementMap":{"0":{"start":{"line":11,"column":4},"end":{"line":11,"column":38}},"1":{"start":{"line":12,"column":4},"end":{"line":12,"column":42}},"2":{"start":{"line":20,"column":4},"end":{"line":30,"column":5}},"3":{"start":{"line":21,"column":6},"end":{"line":21,"column":50}},"4":{"start":{"line":22,"column":23},"end":{"line":24,"column":8}},"5":{"start":{"line":25,"column":6},"end":{"line":25,"column":86}},"6":{"start":{"line":26,"column":6},"end":{"line":26,"column":27}},"7":{"start":{"line":28,"column":6},"end":{"line":28,"column":60}},"8":{"start":{"line":29,"column":6},"end":{"line":29,"column":37}},"9":{"start":{"line":41,"column":4},"end":{"line":72,"column":5}},"10":{"start":{"line":42,"column":23},"end":{"line":42,"column":37}},"11":{"start":{"line":43,"column":6},"end":{"line":43,"column":38}},"12":{"start":{"line":44,"column":6},"end":{"line":44,"column":40}},"13":{"start":{"line":46,"column":6},"end":{"line":56,"column":7}},"14":{"start":{"line":47,"column":8},"end":{"line":52,"column":11}},"15":{"start":{"line":48,"column":10},"end":{"line":51,"column":13}},"16":{"start":{"line":53,"column":8},"end":{"line":53,"column":118}},"17":{"start":{"line":55,"column":8},"end":{"line":55,"column":93}},"18":{"start":{"line":58,"column":23},"end":{"line":65,"column":8}},"19":{"start":{"line":67,"column":6},"end":{"line":67,"column":115}},"20":{"start":{"line":68,"column":6},"end":{"line":68,"column":27}},"21":{"start":{"line":70,"column":6},"end":{"line":70,"column":60}},"22":{"start":{"line":71,"column":6},"end":{"line":71,"column":37}},"23":{"start":{"line":85,"column":4},"end":{"line":122,"column":5}},"24":{"start":{"line":86,"column":23},"end":{"line":86,"column":37}},"25":{"start":{"line":87,"column":6},"end":{"line":87,"column":38}},"26":{"start":{"line":88,"column":6},"end":{"line":88,"column":40}},"27":{"start":{"line":89,"column":6},"end":{"line":89,"column":66}},"28":{"start":{"line":92,"column":6},"end":{"line":94,"column":7}},"29":{"start":{"line":93,"column":8},"end":{"line":93,"column":68}},"30":{"start":{"line":96,"column":6},"end":{"line":106,"column":7}},"31":{"start":{"line":97,"column":8},"end":{"line":102,"column":11}},"32":{"start":{"line":98,"column":10},"end":{"line":101,"column":13}},"33":{"start":{"line":103,"column":8},"end":{"line":103,"column":176}},"34":{"start":{"line":105,"column":8},"end":{"line":105,"column":151}},"35":{"start":{"line":108,"column":23},"end":{"line":116,"column":8}},"36":{"start":{"line":118,"column":6},"end":{"line":118,"column":27}},"37":{"start":{"line":120,"column":6},"end":{"line":120,"column":68}},"38":{"start":{"line":121,"column":6},"end":{"line":121,"column":37}},"39":{"start":{"line":131,"column":4},"end":{"line":142,"column":5}},"40":{"start":{"line":132,"column":6},"end":{"line":132,"column":47}},"41":{"start":{"line":133,"column":23},"end":{"line":136,"column":7}},"42":{"start":{"line":137,"column":6},"end":{"line":137,"column":59}},"43":{"start":{"line":138,"column":6},"end":{"line":138,"column":27}},"44":{"start":{"line":140,"column":6},"end":{"line":140,"column":69}},"45":{"start":{"line":141,"column":6},"end":{"line":141,"column":37}},"46":{"start":{"line":150,"column":4},"end":{"line":160,"column":5}},"47":{"start":{"line":151,"column":6},"end":{"line":151,"column":64}},"48":{"start":{"line":152,"column":23},"end":{"line":154,"column":8}},"49":{"start":{"line":155,"column":6},"end":{"line":155,"column":118}},"50":{"start":{"line":156,"column":6},"end":{"line":156,"column":27}},"51":{"start":{"line":158,"column":6},"end":{"line":158,"column":74}},"52":{"start":{"line":159,"column":6},"end":{"line":159,"column":37}},"53":{"start":{"line":168,"column":4},"end":{"line":193,"column":5}},"54":{"start":{"line":170,"column":21},"end":{"line":170,"column":42}},"55":{"start":{"line":171,"column":22},"end":{"line":171,"column":98}},"56":{"start":{"line":173,"column":6},"end":{"line":178,"column":8}},"57":{"start":{"line":179,"column":11},"end":{"line":193,"column":5}},"58":{"start":{"line":181,"column":6},"end":{"line":185,"column":8}},"59":{"start":{"line":188,"column":6},"end":{"line":192,"column":8}},"60":{"start":{"line":197,"column":29},"end":{"line":197,"column":48}}},"fnMap":{"0":{"name":"(anonymous_0)","decl":{"start":{"line":10,"column":2},"end":{"line":10,"column":3}},"loc":{"start":{"line":10,"column":16},"end":{"line":13,"column":3}},"line":10},"1":{"name":"(anonymous_1)","decl":{"start":{"line":19,"column":2},"end":{"line":19,"column":3}},"loc":{"start":{"line":19,"column":21},"end":{"line":31,"column":3}},"line":19},"2":{"name":"(anonymous_2)","decl":{"start":{"line":40,"column":2},"end":{"line":40,"column":3}},"loc":{"start":{"line":40,"column":49},"end":{"line":73,"column":3}},"line":40},"3":{"name":"(anonymous_3)","decl":{"start":{"line":47,"column":23},"end":{"line":47,"column":24}},"loc":{"start":{"line":47,"column":41},"end":{"line":52,"column":9}},"line":47},"4":{"name":"(anonymous_4)","decl":{"start":{"line":84,"column":2},"end":{"line":84,"column":3}},"loc":{"start":{"line":84,"column":96},"end":{"line":123,"column":3}},"line":84},"5":{"name":"(anonymous_5)","decl":{"start":{"line":97,"column":23},"end":{"line":97,"column":24}},"loc":{"start":{"line":97,"column":41},"end":{"line":102,"column":9}},"line":97},"6":{"name":"(anonymous_6)","decl":{"start":{"line":130,"column":2},"end":{"line":130,"column":3}},"loc":{"start":{"line":130,"column":27},"end":{"line":143,"column":3}},"line":130},"7":{"name":"(anonymous_7)","decl":{"start":{"line":149,"column":2},"end":{"line":149,"column":3}},"loc":{"start":{"line":149,"column":32},"end":{"line":161,"column":3}},"line":149},"8":{"name":"(anonymous_8)","decl":{"start":{"line":167,"column":2},"end":{"line":167,"column":3}},"loc":{"start":{"line":167,"column":22},"end":{"line":194,"column":3}},"line":167}},"branchMap":{"0":{"loc":{"start":{"line":25,"column":42},"end":{"line":25,"column":75}},"type":"binary-expr","locations":[{"start":{"line":25,"column":42},"end":{"line":25,"column":70}},{"start":{"line":25,"column":74},"end":{"line":25,"column":75}}],"line":25},"1":{"loc":{"start":{"line":40,"column":36},"end":{"line":40,"column":47}},"type":"default-arg","locations":[{"start":{"line":40,"column":45},"end":{"line":40,"column":47}}],"line":40},"2":{"loc":{"start":{"line":46,"column":6},"end":{"line":56,"column":7}},"type":"if","locations":[{"start":{"line":46,"column":6},"end":{"line":56,"column":7}},{"start":{"line":54,"column":13},"end":{"line":56,"column":7}}],"line":46},"3":{"loc":{"start":{"line":67,"column":67},"end":{"line":67,"column":100}},"type":"binary-expr","locations":[{"start":{"line":67,"column":67},"end":{"line":67,"column":95}},{"start":{"line":67,"column":99},"end":{"line":67,"column":100}}],"line":67},"4":{"loc":{"start":{"line":84,"column":42},"end":{"line":84,"column":53}},"type":"default-arg","locations":[{"start":{"line":84,"column":51},"end":{"line":84,"column":53}}],"line":84},"5":{"loc":{"start":{"line":84,"column":55},"end":{"line":84,"column":74}},"type":"default-arg","locations":[{"start":{"line":84,"column":72},"end":{"line":84,"column":74}}],"line":84},"6":{"loc":{"start":{"line":84,"column":76},"end":{"line":84,"column":94}},"type":"default-arg","locations":[{"start":{"line":84,"column":89},"end":{"line":84,"column":94}}],"line":84},"7":{"loc":{"start":{"line":89,"column":35},"end":{"line":89,"column":64}},"type":"cond-expr","locations":[{"start":{"line":89,"column":48},"end":{"line":89,"column":54}},{"start":{"line":89,"column":57},"end":{"line":89,"column":64}}],"line":89},"8":{"loc":{"start":{"line":92,"column":6},"end":{"line":94,"column":7}},"type":"if","locations":[{"start":{"line":92,"column":6},"end":{"line":94,"column":7}},{"start":{},"end":{}}],"line":92},"9":{"loc":{"start":{"line":92,"column":10},"end":{"line":92,"column":53}},"type":"binary-expr","locations":[{"start":{"line":92,"column":10},"end":{"line":92,"column":24}},{"start":{"line":92,"column":28},"end":{"line":92,"column":53}}],"line":92},"10":{"loc":{"start":{"line":96,"column":6},"end":{"line":106,"column":7}},"type":"if","locations":[{"start":{"line":96,"column":6},"end":{"line":106,"column":7}},{"start":{"line":104,"column":13},"end":{"line":106,"column":7}}],"line":96},"11":{"loc":{"start":{"line":168,"column":4},"end":{"line":193,"column":5}},"type":"if","locations":[{"start":{"line":168,"column":4},"end":{"line":193,"column":5}},{"start":{"line":179,"column":11},"end":{"line":193,"column":5}}],"line":168},"12":{"loc":{"start":{"line":171,"column":22},"end":{"line":171,"column":98}},"type":"binary-expr","locations":[{"start":{"line":171,"column":22},"end":{"line":171,"column":49}},{"start":{"line":171,"column":53},"end":{"line":171,"column":81}},{"start":{"line":171,"column":85},"end":{"line":171,"column":98}}],"line":171},"13":{"loc":{"start":{"line":179,"column":11},"end":{"line":193,"column":5}},"type":"if","locations":[{"start":{"line":179,"column":11},"end":{"line":193,"column":5}},{"start":{"line":186,"column":11},"end":{"line":193,"column":5}}],"line":179}},"s":{"0":0,"1":0,"2":0,"3":0,"4":0,"5":0,"6":0,"7":0,"8":0,"9":0,"10":0,"11":0,"12":0,"13":0,"14":0,"15":0,"16":0,"17":0,"18":0,"19":0,"20":0,"21":0,"22":0,"23":0,"24":0,"25":0,"26":0,"27":0,"28":0,"29":0,"30":0,"31":0,"32":0,"33":0,"34":0,"35":0,"36":0,"37":0,"38":0,"39":0,"40":0,"41":0,"42":0,"43":0,"44":0,"45":0,"46":0,"47":0,"48":0,"49":0,"50":0,"51":0,"52":0,"53":0,"54":0,"55":0,"56":0,"57":0,"58":0,"59":0,"60":0},"f":{"0":0,"1":0,"2":0,"3":0,"4":0,"5":0,"6":0,"7":0,"8":0},"b":{"0":[0,0],"1":[0],"2":[0,0],"3":[0,0],"4":[0],"5":[0],"6":[0],"7":[0,0],"8":[0,0],"9":[0,0],"10":[0,0],"11":[0,0],"12":[0,0,0],"13":[0,0]},"inputSourceMap":null}
,"/Users/fer/Desktop/Uni/4 Curso/x TFG/app/backend/src/utils/logger.js": {"path":"/Users/fer/Desktop/Uni/4 Curso/x TFG/app/backend/src/utils/logger.js","statementMap":{"0":{"start":{"line":6,"column":4},"end":{"line":11,"column":6}},"1":{"start":{"line":12,"column":4},"end":{"line":12,"column":41}},"2":{"start":{"line":16,"column":4},"end":{"line":20,"column":5}},"3":{"start":{"line":17,"column":24},"end":{"line":17,"column":48}},"4":{"start":{"line":18,"column":21},"end":{"line":18,"column":62}},"5":{"start":{"line":19,"column":6},"end":{"line":19,"column":35}},"6":{"start":{"line":24,"column":4},"end":{"line":24,"column":32}},"7":{"start":{"line":28,"column":4},"end":{"line":28,"column":31}},"8":{"start":{"line":32,"column":4},"end":{"line":32,"column":31}},"9":{"start":{"line":36,"column":4},"end":{"line":36,"column":32}},"10":{"start":{"line":40,"column":4},"end":{"line":42,"column":5}},"11":{"start":{"line":41,"column":6},"end":{"line":41,"column":45}},"12":{"start":{"line":46,"column":22},"end":{"line":46,"column":34}}},"fnMap":{"0":{"name":"(anonymous_0)","decl":{"start":{"line":5,"column":2},"end":{"line":5,"column":3}},"loc":{"start":{"line":5,"column":16},"end":{"line":13,"column":3}},"line":5},"1":{"name":"(anonymous_1)","decl":{"start":{"line":15,"column":2},"end":{"line":15,"column":3}},"loc":{"start":{"line":15,"column":23},"end":{"line":21,"column":3}},"line":15},"2":{"name":"(anonymous_2)","decl":{"start":{"line":23,"column":2},"end":{"line":23,"column":3}},"loc":{"start":{"line":23,"column":17},"end":{"line":25,"column":3}},"line":23},"3":{"name":"(anonymous_3)","decl":{"start":{"line":27,"column":2},"end":{"line":27,"column":3}},"loc":{"start":{"line":27,"column":16},"end":{"line":29,"column":3}},"line":27},"4":{"name":"(anonymous_4)","decl":{"start":{"line":31,"column":2},"end":{"line":31,"column":3}},"loc":{"start":{"line":31,"column":16},"end":{"line":33,"column":3}},"line":31},"5":{"name":"(anonymous_5)","decl":{"start":{"line":35,"column":2},"end":{"line":35,"column":3}},"loc":{"start":{"line":35,"column":17},"end":{"line":37,"column":3}},"line":35},"6":{"name":"(anonymous_6)","decl":{"start":{"line":39,"column":2},"end":{"line":39,"column":3}},"loc":{"start":{"line":39,"column":18},"end":{"line":43,"column":3}},"line":39}},"branchMap":{"0":{"loc":{"start":{"line":16,"column":4},"end":{"line":20,"column":5}},"type":"if","locations":[{"start":{"line":16,"column":4},"end":{"line":20,"column":5}},{"start":{},"end":{}}],"line":16},"1":{"loc":{"start":{"line":40,"column":4},"end":{"line":42,"column":5}},"type":"if","locations":[{"start":{"line":40,"column":4},"end":{"line":42,"column":5}},{"start":{},"end":{}}],"line":40}},"s":{"0":2,"1":2,"2":23,"3":21,"4":21,"5":21,"6":21,"7":0,"8":0,"9":2,"10":0,"11":0,"12":2},"f":{"0":2,"1":23,"2":21,"3":0,"4":0,"5":2,"6":0},"b":{"0":[21,2],"1":[0,0]},"inputSourceMap":null,"_coverageSchema":"1a1c01bbd47fc00a2c39e90264f33305004495a9","hash":"e2f1591d7bc64aeb4e6f49ed4175eea0d4a12842"}
}
